[2026-02-11 15:35:51] [USER: early_adopter] | [PRODUCT: Locker Rental] | [TOTAL: 100.00]
[2026-02-11 15:35:51] [USER: anna_admin] | [PRODUCT: Locker Rental] | [TOTAL: 100.00]
[2026-02-11 15:35:51] [USER: fattig_student] | [PRODUCT: Locker Rental] | [TOTAL: 100.00]
[2026-02-11 15:35:51] [USER: kalle_kodare] | [PRODUCT: Locker Rental] | [TOTAL: 100.00]
[2026-02-11 15:35:51] [USER: berit_boss] | [PRODUCT: Locker Rental] | [TOTAL: 100.00]
[2026-02-11 15:35:51] [USER: early_adopter] | [PRODUCT: Locker Rental] | [TOTAL: 100.00]
[2026-02-11 15:35:51] [USER: late_comer] | [PRODUCT: Locker Rental] | [TOTAL: 100.00]
[2026-02-11 15:35:51] [USER: berit_boss] | [PRODUCT: Locker Rental] | [TOTAL: 100.00]
[2026-02-11 15:35:51] [USER: anna_admin] | [PRODUCT: Locker Rental] | [TOTAL: 100.00]
[2026-02-11 15:35:51] [USER: vip_guest_1] | [PRODUCT: Locker Rental] | [TOTAL: 100.00]
[2026-02-11 15:35:51] [USER: early_adopter] | [PRODUCT: Locker Rental] | [TOTAL: 100.00]
[2026-02-11 15:35:51] [USER: kalle_kodare] | [PRODUCT: Locker Rental] | [TOTAL: 100.00]
[2026-02-11 15:35:51] [USER: kalle_kodare] | [PRODUCT: Locker Rental] | [TOTAL: 100.00]
[2026-02-11 15:35:51] [USER: tech_lead] | [PRODUCT: Locker Rental] | [TOTAL: 100.00]
[2026-02-11 15:35:51] [USER: vip_guest_1] | [PRODUCT: Locker Rental] | [TOTAL: 100.00]
[2026-02-11 15:35:51] [USER: berit_boss] | [PRODUCT: Locker Rental] | [TOTAL: 100.00]
[2026-02-11 15:35:51] [USER: vip_guest_1] | [PRODUCT: Locker Rental] | [TOTAL: 100.00]
[2026-02-11 15:35:51] [USER: fattig_student] | [PRODUCT: Locker Rental] | [TOTAL: 100.00]
[2026-02-11 15:35:52] [USER: dev_tester] | [PRODUCT: Locker Rental] | [TOTAL: 100.00]
[2026-02-11 15:35:52] [USER: festival_fanatic] | [PRODUCT: Locker Rental] | [TOTAL: 100.00]
[2026-02-11 15:35:52] [USER: berit_boss] | [PRODUCT: Locker Rental] | [TOTAL: 100.00]
[2026-02-11 15:35:52] [USER: berit_boss] | [PRODUCT: Locker Rental] | [TOTAL: 100.00]
[2026-02-11 15:35:52] [USER: vip_guest_1] | [PRODUCT: Locker Rental] | [TOTAL: 100.00]
[2026-02-11 15:35:52] [USER: festival_fanatic] | [PRODUCT: Locker Rental] | [TOTAL: 100.00]
[2026-02-11 15:35:52] [USER: kalle_kodare] | [PRODUCT: Locker Rental] | [TOTAL: 100.00]
[2026-02-11 15:35:52] [USER: berit_boss] | [PRODUCT: Locker Rental] | [TOTAL: 100.00]
[2026-02-11 15:35:52] [USER: fattig_student] | [PRODUCT: Locker Rental] | [TOTAL: 100.00]
[2026-02-11 15:35:52] [USER: berit_boss] | [PRODUCT: Locker Rental] | [TOTAL: 100.00]
[2026-02-11 15:35:52] [USER: berit_boss] | [PRODUCT: Locker Rental] | [TOTAL: 100.00]
[2026-02-11 15:35:52] [USER: kalle_kodare] | [PRODUCT: Locker Rental] | [TOTAL: 100.00]
[2026-02-11 15:35:52] [USER: anna_admin] | [PRODUCT: Locker Rental] | [TOTAL: 100.00]
[2026-02-11 15:35:52] [USER: festival_fanatic] | [PRODUCT: Locker Rental] | [TOTAL: 100.00]
[2026-02-11 15:35:52] [USER: vip_guest_1] | [PRODUCT: Locker Rental] | [TOTAL: 100.00]
[2026-02-11 15:35:52] [USER: vip_guest_1] | [PRODUCT: Locker Rental] | [TOTAL: 100.00]
[2026-02-11 15:35:52] [USER: berit_boss] | [PRODUCT: Locker Rental] | [TOTAL: 100.00]
[2026-02-11 15:35:52] [USER: kalle_kodare] | [PRODUCT: Locker Rental] | [TOTAL: 100.00]
[2026-02-11 15:35:52] [USER: early_adopter] | [PRODUCT: Locker Rental] | [TOTAL: 100.00]
[2026-02-11 15:35:52] [USER: early_adopter] | [PRODUCT: Locker Rental] | [TOTAL: 100.00]
[2026-02-11 15:35:52] [USER: early_adopter] | [PRODUCT: Locker Rental] | [TOTAL: 100.00]
[2026-02-11 15:35:52] [USER: berit_boss] | [PRODUCT: Locker Rental] | [TOTAL: 100.00]
[2026-02-11 15:35:52] [USER: early_adopter] | [PRODUCT: Locker Rental] | [TOTAL: 100.00]
[2026-02-11 15:35:52] [USER: late_comer] | [PRODUCT: Locker Rental] | [TOTAL: 100.00]
[2026-02-11 15:35:52] [USER: late_comer] | [PRODUCT: Locker Rental] | [TOTAL: 100.00]
[2026-02-11 15:35:52] [USER: anna_admin] | [PRODUCT: Locker Rental] | [TOTAL: 100.00]
[2026-02-11 15:35:52] [USER: vip_guest_1] | [PRODUCT: Locker Rental] | [TOTAL: 100.00]
[2026-02-11 15:35:52] [USER: kalle_kodare] | [PRODUCT: Locker Rental] | [TOTAL: 100.00]
[2026-02-11 15:35:52] [USER: fattig_student] | [PRODUCT: Locker Rental] | [TOTAL: 100.00]
[2026-02-11 15:35:52] [USER: vip_guest_1] | [PRODUCT: Locker Rental] | [TOTAL: 100.00]
[2026-02-11 15:35:53] [USER: berit_boss] | [PRODUCT: Locker Rental] | [TOTAL: 100.00]
[2026-02-11 15:35:53] [USER: tech_lead] | [PRODUCT: Locker Rental] | [TOTAL: 100.00]
[2026-02-11 15:35:53] [USER: early_adopter] | [PRODUCT: Locker Rental] | [TOTAL: 100.00]
[2026-02-11 15:35:53] [USER: festival_fanatic] | [PRODUCT: Locker Rental] | [TOTAL: 100.00]
[2026-02-11 15:35:53] [USER: berit_boss] | [PRODUCT: Locker Rental] | [TOTAL: 100.00]
[2026-02-11 15:35:53] [USER: dev_tester] | [PRODUCT: Locker Rental] | [TOTAL: 100.00]
[2026-02-11 15:35:53] [USER: anna_admin] | [PRODUCT: Locker Rental] | [TOTAL: 100.00]
[2026-02-11 15:35:53] [USER: early_adopter] | [PRODUCT: Locker Rental] | [TOTAL: 100.00]
[2026-02-11 15:35:53] [USER: tech_lead] | [PRODUCT: Locker Rental] | [TOTAL: 100.00]
[2026-02-11 15:35:53] [USER: vip_guest_1] | [PRODUCT: Locker Rental] | [TOTAL: 100.00]
[2026-02-11 15:35:53] [USER: anna_admin] | [PRODUCT: Locker Rental] | [TOTAL: 100.00]
[2026-02-11 15:35:53] [USER: berit_boss] | [PRODUCT: Locker Rental] | [TOTAL: 100.00]
[2026-02-11 15:35:53] [USER: kalle_kodare] | [PRODUCT: Locker Rental] | [TOTAL: 100.00]
[2026-02-11 15:35:53] [USER: kalle_kodare] | [PRODUCT: Locker Rental] | [TOTAL: 100.00]
[2026-02-11 15:35:53] [USER: tech_lead] | [PRODUCT: Locker Rental] | [TOTAL: 100.00]
[2026-02-11 15:35:53] [USER: festival_fanatic] | [PRODUCT: Locker Rental] | [TOTAL: 100.00]
[2026-02-11 15:35:53] [USER: fattig_student] | [PRODUCT: Locker Rental] | [TOTAL: 100.00]
[2026-02-11 15:35:53] [USER: tech_lead] | [PRODUCT: Locker Rental] | [TOTAL: 100.00]
[2026-02-11 15:35:53] [USER: late_comer] | [PRODUCT: Locker Rental] | [TOTAL: 100.00]
[2026-02-11 15:35:53] [USER: tech_lead] | [PRODUCT: Locker Rental] | [TOTAL: 100.00]
[2026-02-11 15:35:53] [USER: kalle_kodare] | [PRODUCT: Locker Rental] | [TOTAL: 100.00]
[2026-02-11 15:35:53] [USER: berit_boss] | [PRODUCT: Locker Rental] | [TOTAL: 100.00]
[2026-02-11 15:35:53] [USER: kalle_kodare] | [PRODUCT: Locker Rental] | [TOTAL: 100.00]
[2026-02-11 15:35:53] [USER: berit_boss] | [PRODUCT: Locker Rental] | [TOTAL: 100.00]
[2026-02-11 15:35:53] [USER: late_comer] | [PRODUCT: Locker Rental] | [TOTAL: 100.00]
[2026-02-11 15:35:53] [USER: anna_admin] | [PRODUCT: Locker Rental] | [TOTAL: 100.00]
[2026-02-11 15:35:53] [USER: berit_boss] | [PRODUCT: Locker Rental] | [TOTAL: 100.00]
[2026-02-11 15:35:53] [USER: berit_boss] | [PRODUCT: Locker Rental] | [TOTAL: 100.00]
[2026-02-11 15:35:53] [USER: late_comer] | [PRODUCT: Locker Rental] | [TOTAL: 100.00]
[2026-02-11 15:35:53] [USER: tech_lead] | [PRODUCT: Locker Rental] | [TOTAL: 100.00]
[2026-02-11 15:35:53] [USER: fattig_student] | [PRODUCT: Locker Rental] | [TOTAL: 100.00]
[2026-02-11 15:35:54] [USER: tech_lead] | [PRODUCT: Locker Rental] | [TOTAL: 100.00]
[2026-02-11 15:35:54] [USER: tech_lead] | [PRODUCT: Locker Rental] | [TOTAL: 100.00]
[2026-02-11 15:35:54] [USER: dev_tester] | [PRODUCT: Locker Rental] | [TOTAL: 100.00]
[2026-02-11 15:35:54] [USER: kalle_kodare] | [PRODUCT: Locker Rental] | [TOTAL: 100.00]
[2026-02-11 15:35:54] [USER: dev_tester] | [PRODUCT: Locker Rental] | [TOTAL: 100.00]
[2026-02-11 15:35:54] [USER: festival_fanatic] | [PRODUCT: Locker Rental] | [TOTAL: 100.00]
[2026-02-11 15:35:54] [USER: tech_lead] | [PRODUCT: Locker Rental] | [TOTAL: 100.00]
[2026-02-11 15:35:54] [USER: dev_tester] | [PRODUCT: Locker Rental] | [TOTAL: 100.00]
[2026-02-11 15:35:54] [USER: tech_lead] | [PRODUCT: Locker Rental] | [TOTAL: 100.00]
[2026-02-11 15:35:54] [USER: tech_lead] | [PRODUCT: Locker Rental] | [TOTAL: 100.00]
[2026-02-11 15:35:54] [USER: anna_admin] | [PRODUCT: Locker Rental] | [TOTAL: 100.00]
[2026-02-11 15:35:54] [USER: festival_fanatic] | [PRODUCT: Locker Rental] | [TOTAL: 100.00]
[2026-02-11 15:35:54] [USER: vip_guest_1] | [PRODUCT: Locker Rental] | [TOTAL: 100.00]
[2026-02-11 15:35:54] [USER: anna_admin] | [PRODUCT: Locker Rental] | [TOTAL: 100.00]
[2026-02-11 15:35:54] [USER: vip_guest_1] | [PRODUCT: Locker Rental] | [TOTAL: 100.00]
[2026-02-11 15:35:54] [USER: vip_guest_1] | [PRODUCT: Locker Rental] | [TOTAL: 100.00]
[2026-02-11 15:35:54] [USER: festival_fanatic] | [PRODUCT: Locker Rental] | [TOTAL: 100.00]
[2026-02-11 15:35:54] [USER: early_adopter] | [PRODUCT: Locker Rental] | [TOTAL: 100.00]
[2026-02-11 15:35:54] [USER: fattig_student] | [PRODUCT: Locker Rental] | [TOTAL: 100.00]
[2026-02-11 15:35:54] [USER: festival_fanatic] | [PRODUCT: Locker Rental] | [TOTAL: 100.00]
[2026-02-11 15:35:54] [USER: berit_boss] | [PRODUCT: Locker Rental] | [TOTAL: 100.00]
[2026-02-11 15:35:54] [USER: dev_tester] | [PRODUCT: Locker Rental] | [TOTAL: 100.00]
[2026-02-11 15:35:54] [USER: late_comer] | [PRODUCT: Locker Rental] | [TOTAL: 100.00]
[2026-02-11 15:35:54] [USER: anna_admin] | [PRODUCT: Locker Rental] | [TOTAL: 100.00]
[2026-02-11 15:35:54] [USER: vip_guest_1] | [PRODUCT: Locker Rental] | [TOTAL: 100.00]
[2026-02-11 15:35:54] [USER: festival_fanatic] | [PRODUCT: Locker Rental] | [TOTAL: 100.00]
[2026-02-11 15:35:54] [USER: berit_boss] | [PRODUCT: Locker Rental] | [TOTAL: 100.00]
[2026-02-11 15:35:54] [USER: early_adopter] | [PRODUCT: Locker Rental] | [TOTAL: 100.00]
[2026-02-11 15:35:54] [USER: kalle_kodare] | [PRODUCT: Locker Rental] | [TOTAL: 100.00]
[2026-02-11 15:35:54] [USER: kalle_kodare] | [PRODUCT: Locker Rental] | [TOTAL: 100.00]
[2026-02-11 15:35:54] [USER: festival_fanatic] | [PRODUCT: Locker Rental] | [TOTAL: 100.00]
[2026-02-11 15:35:54] [USER: early_adopter] | [PRODUCT: Locker Rental] | [TOTAL: 100.00]
[2026-02-11 15:35:55] [USER: kalle_kodare] | [PRODUCT: Locker Rental] | [TOTAL: 100.00]
[2026-02-11 15:35:55] [USER: tech_lead] | [PRODUCT: Locker Rental] | [TOTAL: 100.00]
[2026-02-11 15:35:55] [USER: kalle_kodare] | [PRODUCT: Locker Rental] | [TOTAL: 100.00]
[2026-02-11 15:35:55] [USER: dev_tester] | [PRODUCT: Locker Rental] | [TOTAL: 100.00]
[2026-02-11 15:35:55] [USER: berit_boss] | [PRODUCT: Locker Rental] | [TOTAL: 100.00]
[2026-02-11 15:35:55] [USER: anna_admin] | [PRODUCT: Locker Rental] | [TOTAL: 100.00]
[2026-02-11 15:35:55] [USER: tech_lead] | [PRODUCT: Locker Rental] | [TOTAL: 100.00]
[2026-02-11 15:35:55] [USER: berit_boss] | [PRODUCT: Locker Rental] | [TOTAL: 100.00]
[2026-02-11 15:35:55] [USER: anna_admin] | [PRODUCT: Locker Rental] | [TOTAL: 100.00]
[2026-02-11 15:35:55] [USER: fattig_student] | [PRODUCT: Locker Rental] | [TOTAL: 100.00]
[2026-02-11 15:35:55] [USER: kalle_kodare] | [PRODUCT: Locker Rental] | [TOTAL: 100.00]
[2026-02-11 15:35:55] [USER: tech_lead] | [PRODUCT: Locker Rental] | [TOTAL: 100.00]
[2026-02-11 15:35:55] [USER: berit_boss] | [PRODUCT: Locker Rental] | [TOTAL: 100.00]
[2026-02-11 15:35:55] [USER: dev_tester] | [PRODUCT: Locker Rental] | [TOTAL: 100.00]
[2026-02-11 15:35:55] [USER: festival_fanatic] | [PRODUCT: Locker Rental] | [TOTAL: 100.00]
[2026-02-11 15:35:55] [USER: early_adopter] | [PRODUCT: Locker Rental] | [TOTAL: 100.00]
[2026-02-11 15:35:55] [USER: kalle_kodare] | [PRODUCT: Locker Rental] | [TOTAL: 100.00]
[2026-02-11 15:35:55] [USER: early_adopter] | [PRODUCT: Locker Rental] | [TOTAL: 100.00]
[2026-02-11 15:35:55] [USER: festival_fanatic] | [PRODUCT: Locker Rental] | [TOTAL: 100.00]
[2026-02-11 15:35:55] [USER: vip_guest_1] | [PRODUCT: Locker Rental] | [TOTAL: 100.00]
[2026-02-11 15:35:55] [USER: festival_fanatic] | [PRODUCT: Locker Rental] | [TOTAL: 100.00]
[2026-02-11 15:35:55] [USER: dev_tester] | [PRODUCT: Locker Rental] | [TOTAL: 100.00]
[2026-02-11 15:35:55] [USER: kalle_kodare] | [PRODUCT: Locker Rental] | [TOTAL: 100.00]
[2026-02-11 15:35:55] [USER: anna_admin] | [PRODUCT: Locker Rental] | [TOTAL: 100.00]
[2026-02-11 15:35:55] [USER: tech_lead] | [PRODUCT: Locker Rental] | [TOTAL: 100.00]
[2026-02-11 15:35:55] [USER: anna_admin] | [PRODUCT: Locker Rental] | [TOTAL: 100.00]
[2026-02-11 15:35:55] [USER: late_comer] | [PRODUCT: Locker Rental] | [TOTAL: 100.00]
[2026-02-11 15:35:55] [USER: anna_admin] | [PRODUCT: Locker Rental] | [TOTAL: 100.00]
[2026-02-11 15:35:55] [USER: vip_guest_1] | [PRODUCT: Locker Rental] | [TOTAL: 100.00]
[2026-02-11 15:35:55] [USER: kalle_kodare] | [PRODUCT: Locker Rental] | [TOTAL: 100.00]
[2026-02-11 15:35:55] [USER: fattig_student] | [PRODUCT: Locker Rental] | [TOTAL: 100.00]
[2026-02-11 15:35:55] [USER: early_adopter] | [PRODUCT: Locker Rental] | [TOTAL: 100.00]
[2026-02-11 15:35:55] [USER: late_comer] | [PRODUCT: Locker Rental] | [TOTAL: 100.00]
[2026-02-11 15:35:55] [USER: tech_lead] | [PRODUCT: Locker Rental] | [TOTAL: 100.00]
[2026-02-11 15:35:55] [USER: dev_tester] | [PRODUCT: Locker Rental] | [TOTAL: 100.00]
[2026-02-11 15:35:56] [USER: late_comer] | [PRODUCT: Locker Rental] | [TOTAL: 100.00]
[2026-02-11 15:35:56] [USER: dev_tester] | [PRODUCT: Locker Rental] | [TOTAL: 100.00]
[2026-02-11 15:35:56] [USER: kalle_kodare] | [PRODUCT: Locker Rental] | [TOTAL: 100.00]
[2026-02-11 15:35:56] [USER: anna_admin] | [PRODUCT: Locker Rental] | [TOTAL: 100.00]
[2026-02-11 15:35:56] [USER: late_comer] | [PRODUCT: Locker Rental] | [TOTAL: 100.00]
[2026-02-11 15:35:56] [USER: kalle_kodare] | [PRODUCT: Locker Rental] | [TOTAL: 100.00]
[2026-02-11 15:35:56] [USER: dev_tester] | [PRODUCT: Locker Rental] | [TOTAL: 100.00]
[2026-02-11 15:35:56] [USER: tech_lead] | [PRODUCT: Locker Rental] | [TOTAL: 100.00]
[2026-02-11 15:35:56] [USER: early_adopter] | [PRODUCT: Locker Rental] | [TOTAL: 100.00]
[2026-02-11 15:35:56] [USER: vip_guest_1] | [PRODUCT: Locker Rental] | [TOTAL: 100.00]
[2026-02-11 15:35:56] [USER: festival_fanatic] | [PRODUCT: Locker Rental] | [TOTAL: 100.00]
[2026-02-11 15:35:56] [USER: vip_guest_1] | [PRODUCT: Locker Rental] | [TOTAL: 100.00]
[2026-02-11 15:35:56] [USER: fattig_student] | [PRODUCT: Locker Rental] | [TOTAL: 100.00]
[2026-02-11 15:35:56] [USER: early_adopter] | [PRODUCT: Locker Rental] | [TOTAL: 100.00]
[2026-02-11 15:35:56] [USER: fattig_student] | [PRODUCT: Locker Rental] | [TOTAL: 100.00]
[2026-02-11 15:35:56] [USER: early_adopter] | [PRODUCT: Locker Rental] | [TOTAL: 100.00]
[2026-02-11 15:35:56] [USER: festival_fanatic] | [PRODUCT: Locker Rental] | [TOTAL: 100.00]
[2026-02-11 15:35:56] [USER: berit_boss] | [PRODUCT: Locker Rental] | [TOTAL: 100.00]
[2026-02-11 15:35:56] [USER: berit_boss] | [PRODUCT: Locker Rental] | [TOTAL: 100.00]
[2026-02-11 15:35:56] [USER: vip_guest_1] | [PRODUCT: Locker Rental] | [TOTAL: 100.00]
[2026-02-11 15:35:56] [USER: berit_boss] | [PRODUCT: Locker Rental] | [TOTAL: 100.00]
[2026-02-11 15:35:56] [USER: anna_admin] | [PRODUCT: Locker Rental] | [TOTAL: 100.00]
[2026-02-11 15:35:56] [USER: festival_fanatic] | [PRODUCT: Locker Rental] | [TOTAL: 100.00]
[2026-02-11 15:35:56] [USER: festival_fanatic] | [PRODUCT: Locker Rental] | [TOTAL: 100.00]
[2026-02-11 15:35:56] [USER: festival_fanatic] | [PRODUCT: Locker Rental] | [TOTAL: 100.00]
[2026-02-11 15:35:56] [USER: festival_fanatic] | [PRODUCT: Locker Rental] | [TOTAL: 100.00]
[2026-02-11 15:35:57] [USER: fattig_student] | [PRODUCT: Locker Rental] | [TOTAL: 100.00]
[2026-02-11 15:35:57] [USER: tech_lead] | [PRODUCT: Locker Rental] | [TOTAL: 100.00]
[2026-02-11 15:35:57] [USER: vip_guest_1] | [PRODUCT: Locker Rental] | [TOTAL: 100.00]
[2026-02-11 15:35:57] [USER: tech_lead] | [PRODUCT: Locker Rental] | [TOTAL: 100.00]
[2026-02-11 15:35:57] [USER: berit_boss] | [PRODUCT: Locker Rental] | [TOTAL: 100.00]
[2026-02-11 15:35:57] [USER: tech_lead] | [PRODUCT: Locker Rental] | [TOTAL: 100.00]
[2026-02-11 15:35:57] [USER: berit_boss] | [PRODUCT: Locker Rental] | [TOTAL: 100.00]
[2026-02-11 15:35:57] [USER: kalle_kodare] | [PRODUCT: Locker Rental] | [TOTAL: 100.00]
[2026-02-11 15:35:57] [USER: early_adopter] | [PRODUCT: Locker Rental] | [TOTAL: 100.00]
[2026-02-11 15:35:57] [USER: dev_tester] | [PRODUCT: Locker Rental] | [TOTAL: 100.00]
[2026-02-11 15:35:57] [USER: early_adopter] | [PRODUCT: Locker Rental] | [TOTAL: 100.00]
[2026-02-11 15:35:57] [USER: kalle_kodare] | [PRODUCT: Locker Rental] | [TOTAL: 100.00]
[2026-02-11 15:35:57] [USER: festival_fanatic] | [PRODUCT: Locker Rental] | [TOTAL: 100.00]
[2026-02-11 15:35:57] [USER: vip_guest_1] | [PRODUCT: Locker Rental] | [TOTAL: 100.00]
[2026-02-11 15:35:57] [USER: festival_fanatic] | [PRODUCT: Locker Rental] | [TOTAL: 100.00]
[2026-02-11 15:35:57] [USER: anna_admin] | [PRODUCT: Locker Rental] | [TOTAL: 100.00]
[2026-02-11 15:35:57] [USER: dev_tester] | [PRODUCT: Locker Rental] | [TOTAL: 100.00]
[2026-02-11 15:35:57] [USER: dev_tester] | [PRODUCT: Locker Rental] | [TOTAL: 100.00]
[2026-02-11 15:35:57] [USER: early_adopter] | [PRODUCT: Locker Rental] | [TOTAL: 100.00]
[2026-02-11 15:35:57] [USER: late_comer] | [PRODUCT: Locker Rental] | [TOTAL: 100.00]
[2026-02-11 15:35:57] [USER: berit_boss] | [PRODUCT: Locker Rental] | [TOTAL: 100.00]
[2026-02-11 15:35:57] [USER: kalle_kodare] | [PRODUCT: Locker Rental] | [TOTAL: 100.00]
[2026-02-11 15:35:57] [USER: berit_boss] | [PRODUCT: Locker Rental] | [TOTAL: 100.00]
[2026-02-11 15:35:57] [USER: tech_lead] | [PRODUCT: Locker Rental] | [TOTAL: 100.00]
[2026-02-11 15:35:57] [USER: berit_boss] | [PRODUCT: Locker Rental] | [TOTAL: 100.00]
[2026-02-11 15:35:57] [USER: fattig_student] | [PRODUCT: Locker Rental] | [TOTAL: 100.00]
[2026-02-11 15:35:57] [USER: festival_fanatic] | [PRODUCT: Locker Rental] | [TOTAL: 100.00]
[2026-02-11 15:35:57] [USER: early_adopter] | [PRODUCT: Locker Rental] | [TOTAL: 100.00]
[2026-02-11 15:35:57] [USER: tech_lead] | [PRODUCT: Locker Rental] | [TOTAL: 100.00]
[2026-02-11 15:35:57] [USER: kalle_kodare] | [PRODUCT: Locker Rental] | [TOTAL: 100.00]
[2026-02-11 15:35:58] [USER: dev_tester] | [PRODUCT: Locker Rental] | [TOTAL: 100.00]
[2026-02-11 15:35:58] [USER: fattig_student] | [PRODUCT: Locker Rental] | [TOTAL: 100.00]
[2026-02-11 15:35:58] [USER: late_comer] | [PRODUCT: Locker Rental] | [TOTAL: 100.00]
[2026-02-11 15:35:58] [USER: fattig_student] | [PRODUCT: Locker Rental] | [TOTAL: 100.00]
[2026-02-11 15:35:58] [USER: fattig_student] | [PRODUCT: Locker Rental] | [TOTAL: 100.00]
[2026-02-11 15:35:58] [USER: kalle_kodare] | [PRODUCT: Locker Rental] | [TOTAL: 100.00]
[2026-02-11 15:35:58] [USER: late_comer] | [PRODUCT: Locker Rental] | [TOTAL: 100.00]
[2026-02-11 15:35:58] [USER: tech_lead] | [PRODUCT: Locker Rental] | [TOTAL: 100.00]
[2026-02-11 15:35:58] [USER: early_adopter] | [PRODUCT: Locker Rental] | [TOTAL: 100.00]
[2026-02-11 15:35:58] [USER: berit_boss] | [PRODUCT: Locker Rental] | [TOTAL: 100.00]
[2026-02-11 15:35:58] [USER: vip_guest_1] | [PRODUCT: Locker Rental] | [TOTAL: 100.00]
[2026-02-11 15:35:58] [USER: late_comer] | [PRODUCT: Locker Rental] | [TOTAL: 100.00]
[2026-02-11 15:35:58] [USER: fattig_student] | [PRODUCT: Locker Rental] | [TOTAL: 100.00]
[2026-02-11 15:35:58] [USER: vip_guest_1] | [PRODUCT: Locker Rental] | [TOTAL: 100.00]
[2026-02-11 15:35:58] [USER: tech_lead] | [PRODUCT: Locker Rental] | [TOTAL: 100.00]
[2026-02-11 15:35:58] [USER: early_adopter] | [PRODUCT: Locker Rental] | [TOTAL: 100.00]
[2026-02-11 15:35:58] [USER: dev_tester] | [PRODUCT: Locker Rental] | [TOTAL: 100.00]
[2026-02-11 15:35:58] [USER: tech_lead] | [PRODUCT: Locker Rental] | [TOTAL: 100.00]
[2026-02-11 15:35:58] [USER: vip_guest_1] | [PRODUCT: Locker Rental] | [TOTAL: 100.00]
[2026-02-11 15:35:58] [USER: tech_lead] | [PRODUCT: Locker Rental] | [TOTAL: 100.00]
[2026-02-11 15:35:58] [USER: anna_admin] | [PRODUCT: Locker Rental] | [TOTAL: 100.00]
[2026-02-11 15:35:58] [USER: kalle_kodare] | [PRODUCT: Locker Rental] | [TOTAL: 100.00]
[2026-02-11 15:35:58] [USER: anna_admin] | [PRODUCT: Locker Rental] | [TOTAL: 100.00]
[2026-02-11 15:35:58] [USER: dev_tester] | [PRODUCT: Locker Rental] | [TOTAL: 100.00]
[2026-02-11 15:35:58] [USER: festival_fanatic] | [PRODUCT: Locker Rental] | [TOTAL: 100.00]
[2026-02-11 15:35:58] [USER: early_adopter] | [PRODUCT: Locker Rental] | [TOTAL: 100.00]
[2026-02-11 15:35:58] [USER: berit_boss] | [PRODUCT: Locker Rental] | [TOTAL: 100.00]
[2026-02-11 15:35:58] [USER: berit_boss] | [PRODUCT: Locker Rental] | [TOTAL: 100.00]
[2026-02-11 15:35:58] [USER: tech_lead] | [PRODUCT: Locker Rental] | [TOTAL: 100.00]
[2026-02-11 15:35:58] [USER: festival_fanatic] | [PRODUCT: Locker Rental] | [TOTAL: 100.00]
[2026-02-11 15:35:59] [USER: tech_lead] | [PRODUCT: Locker Rental] | [TOTAL: 100.00]
[2026-02-11 15:35:59] [USER: anna_admin] | [PRODUCT: Locker Rental] | [TOTAL: 100.00]
[2026-02-11 15:35:59] [USER: late_comer] | [PRODUCT: Locker Rental] | [TOTAL: 100.00]
[2026-02-11 15:35:59] [USER: late_comer] | [PRODUCT: Locker Rental] | [TOTAL: 100.00]
[2026-02-11 15:35:59] [USER: berit_boss] | [PRODUCT: Locker Rental] | [TOTAL: 100.00]
[2026-02-11 15:35:59] [USER: late_comer] | [PRODUCT: Locker Rental] | [TOTAL: 100.00]
[2026-02-11 15:35:59] [USER: late_comer] | [PRODUCT: Locker Rental] | [TOTAL: 100.00]
[2026-02-11 15:35:59] [USER: early_adopter] | [PRODUCT: Locker Rental] | [TOTAL: 100.00]
[2026-02-11 15:35:59] [USER: festival_fanatic] | [PRODUCT: Locker Rental] | [TOTAL: 100.00]
[2026-02-11 15:35:59] [USER: vip_guest_1] | [PRODUCT: Locker Rental] | [TOTAL: 100.00]
[2026-02-11 15:35:59] [USER: festival_fanatic] | [PRODUCT: Locker Rental] | [TOTAL: 100.00]
[2026-02-11 15:35:59] [USER: tech_lead] | [PRODUCT: Locker Rental] | [TOTAL: 100.00]
[2026-02-11 15:35:59] [USER: dev_tester] | [PRODUCT: Locker Rental] | [TOTAL: 100.00]
[2026-02-11 15:35:59] [USER: early_adopter] | [PRODUCT: Locker Rental] | [TOTAL: 100.00]
[2026-02-11 15:35:59] [USER: anna_admin] | [PRODUCT: Locker Rental] | [TOTAL: 100.00]
[2026-02-11 15:35:59] [USER: late_comer] | [PRODUCT: Locker Rental] | [TOTAL: 100.00]
[2026-02-11 15:35:59] [USER: late_comer] | [PRODUCT: Locker Rental] | [TOTAL: 100.00]
[2026-02-11 15:35:59] [USER: vip_guest_1] | [PRODUCT: Locker Rental] | [TOTAL: 100.00]
[2026-02-11 15:35:59] [USER: fattig_student] | [PRODUCT: Locker Rental] | [TOTAL: 100.00]
[2026-02-11 15:35:59] [USER: kalle_kodare] | [PRODUCT: Locker Rental] | [TOTAL: 100.00]
[2026-02-11 15:35:59] [USER: fattig_student] | [PRODUCT: Locker Rental] | [TOTAL: 100.00]
[2026-02-11 15:35:59] [USER: kalle_kodare] | [PRODUCT: Locker Rental] | [TOTAL: 100.00]
[2026-02-11 15:35:59] [USER: anna_admin] | [PRODUCT: Locker Rental] | [TOTAL: 100.00]
[2026-02-11 15:35:59] [USER: early_adopter] | [PRODUCT: Locker Rental] | [TOTAL: 100.00]
[2026-02-11 15:35:59] [USER: early_adopter] | [PRODUCT: Locker Rental] | [TOTAL: 100.00]
[2026-02-11 15:35:59] [USER: late_comer] | [PRODUCT: Locker Rental] | [TOTAL: 100.00]
[2026-02-11 15:35:59] [USER: berit_boss] | [PRODUCT: Locker Rental] | [TOTAL: 100.00]
[2026-02-11 15:35:59] [USER: vip_guest_1] | [PRODUCT: Locker Rental] | [TOTAL: 100.00]
[2026-02-11 15:35:59] [USER: fattig_student] | [PRODUCT: Locker Rental] | [TOTAL: 100.00]
[2026-02-11 15:35:59] [USER: festival_fanatic] | [PRODUCT: Locker Rental] | [TOTAL: 100.00]
[2026-02-11 15:35:59] [USER: early_adopter] | [PRODUCT: Locker Rental] | [TOTAL: 100.00]
[2026-02-11 15:35:59] [USER: late_comer] | [PRODUCT: Locker Rental] | [TOTAL: 100.00]
[2026-02-11 15:36:00] [USER: vip_guest_1] | [PRODUCT: Locker Rental] | [TOTAL: 100.00]
[2026-02-11 15:36:00] [USER: vip_guest_1] | [PRODUCT: Locker Rental] | [TOTAL: 100.00]
[2026-02-11 15:36:00] [USER: dev_tester] | [PRODUCT: Locker Rental] | [TOTAL: 100.00]
[2026-02-11 15:36:00] [USER: anna_admin] | [PRODUCT: Locker Rental] | [TOTAL: 100.00]
[2026-02-11 15:36:00] [USER: festival_fanatic] | [PRODUCT: Locker Rental] | [TOTAL: 100.00]
[2026-02-11 15:36:00] [USER: fattig_student] | [PRODUCT: Locker Rental] | [TOTAL: 100.00]
[2026-02-11 15:36:00] [USER: berit_boss] | [PRODUCT: Locker Rental] | [TOTAL: 100.00]
[2026-02-11 15:36:00] [USER: late_comer] | [PRODUCT: Locker Rental] | [TOTAL: 100.00]
[2026-02-11 15:36:00] [USER: fattig_student] | [PRODUCT: Locker Rental] | [TOTAL: 100.00]
[2026-02-11 15:36:00] [USER: festival_fanatic] | [PRODUCT: Locker Rental] | [TOTAL: 100.00]
[2026-02-11 15:36:00] [USER: fattig_student] | [PRODUCT: Locker Rental] | [TOTAL: 100.00]
[2026-02-11 15:36:00] [USER: berit_boss] | [PRODUCT: Locker Rental] | [TOTAL: 100.00]
[2026-02-11 15:36:00] [USER: tech_lead] | [PRODUCT: Locker Rental] | [TOTAL: 100.00]
[2026-02-11 15:36:00] [USER: tech_lead] | [PRODUCT: Locker Rental] | [TOTAL: 100.00]
[2026-02-11 15:36:00] [USER: vip_guest_1] | [PRODUCT: Locker Rental] | [TOTAL: 100.00]
[2026-02-11 15:36:00] [USER: early_adopter] | [PRODUCT: Locker Rental] | [TOTAL: 100.00]
[2026-02-11 15:36:00] [USER: dev_tester] | [PRODUCT: Locker Rental] | [TOTAL: 100.00]
[2026-02-11 15:36:00] [USER: anna_admin] | [PRODUCT: Locker Rental] | [TOTAL: 100.00]
[2026-02-11 15:36:00] [USER: dev_tester] | [PRODUCT: Locker Rental] | [TOTAL: 100.00]
[2026-02-11 15:36:00] [USER: early_adopter] | [PRODUCT: Locker Rental] | [TOTAL: 100.00]
[2026-02-11 15:36:00] [USER: tech_lead] | [PRODUCT: Locker Rental] | [TOTAL: 100.00]
[2026-02-11 15:36:00] [USER: dev_tester] | [PRODUCT: Locker Rental] | [TOTAL: 100.00]
[2026-02-11 15:36:00] [USER: festival_fanatic] | [PRODUCT: Locker Rental] | [TOTAL: 100.00]
[2026-02-11 15:36:00] [USER: tech_lead] | [PRODUCT: Locker Rental] | [TOTAL: 100.00]
[2026-02-11 15:36:00] [USER: tech_lead] | [PRODUCT: Locker Rental] | [TOTAL: 100.00]
[2026-02-11 15:36:00] [USER: late_comer] | [PRODUCT: Locker Rental] | [TOTAL: 100.00]
[2026-02-11 15:36:00] [USER: tech_lead] | [PRODUCT: Locker Rental] | [TOTAL: 100.00]
[2026-02-11 15:36:00] [USER: vip_guest_1] | [PRODUCT: Locker Rental] | [TOTAL: 100.00]
[2026-02-11 15:36:00] [USER: late_comer] | [PRODUCT: Locker Rental] | [TOTAL: 100.00]
[2026-02-11 15:36:00] [USER: dev_tester] | [PRODUCT: Locker Rental] | [TOTAL: 100.00]
[2026-02-11 15:36:01] [USER: dev_tester] | [PRODUCT: Locker Rental] | [TOTAL: 100.00]
[2026-02-11 15:36:01] [USER: dev_tester] | [PRODUCT: Locker Rental] | [TOTAL: 100.00]
[2026-02-11 15:36:01] [USER: anna_admin] | [PRODUCT: Locker Rental] | [TOTAL: 100.00]
[2026-02-11 15:36:01] [USER: dev_tester] | [PRODUCT: Locker Rental] | [TOTAL: 100.00]
[2026-02-11 15:36:01] [USER: dev_tester] | [PRODUCT: Locker Rental] | [TOTAL: 100.00]
[2026-02-11 15:36:01] [USER: kalle_kodare] | [PRODUCT: Locker Rental] | [TOTAL: 100.00]
[2026-02-11 15:36:01] [USER: vip_guest_1] | [PRODUCT: Locker Rental] | [TOTAL: 100.00]
[2026-02-11 15:36:01] [USER: fattig_student] | [PRODUCT: Locker Rental] | [TOTAL: 100.00]
[2026-02-11 15:36:01] [USER: festival_fanatic] | [PRODUCT: Locker Rental] | [TOTAL: 100.00]
[2026-02-11 15:36:01] [USER: vip_guest_1] | [PRODUCT: Locker Rental] | [TOTAL: 100.00]
[2026-02-11 15:36:01] [USER: fattig_student] | [PRODUCT: Locker Rental] | [TOTAL: 100.00]
[2026-02-11 15:36:01] [USER: festival_fanatic] | [PRODUCT: Locker Rental] | [TOTAL: 100.00]
[2026-02-11 15:36:01] [USER: vip_guest_1] | [PRODUCT: Locker Rental] | [TOTAL: 100.00]
[2026-02-11 15:36:01] [USER: late_comer] | [PRODUCT: Locker Rental] | [TOTAL: 100.00]
[2026-02-11 15:36:01] [USER: berit_boss] | [PRODUCT: Locker Rental] | [TOTAL: 100.00]
[2026-02-11 15:36:01] [USER: fattig_student] | [PRODUCT: Locker Rental] | [TOTAL: 100.00]
[2026-02-11 15:36:01] [USER: tech_lead] | [PRODUCT: Locker Rental] | [TOTAL: 100.00]
[2026-02-11 15:36:01] [USER: vip_guest_1] | [PRODUCT: Locker Rental] | [TOTAL: 100.00]
[2026-02-11 15:36:01] [USER: anna_admin] | [PRODUCT: Locker Rental] | [TOTAL: 100.00]
[2026-02-11 15:36:01] [USER: festival_fanatic] | [PRODUCT: Locker Rental] | [TOTAL: 100.00]
[2026-02-11 15:36:02] [USER: anna_admin] | [PRODUCT: Locker Rental] | [TOTAL: 100.00]
[2026-02-11 15:36:02] [USER: early_adopter] | [PRODUCT: Locker Rental] | [TOTAL: 100.00]
[2026-02-11 15:36:02] [USER: dev_tester] | [PRODUCT: Locker Rental] | [TOTAL: 100.00]
[2026-02-11 15:36:02] [USER: anna_admin] | [PRODUCT: Locker Rental] | [TOTAL: 100.00]
[2026-02-11 15:36:02] [USER: early_adopter] | [PRODUCT: Locker Rental] | [TOTAL: 100.00]
[2026-02-11 15:36:02] [USER: kalle_kodare] | [PRODUCT: Locker Rental] | [TOTAL: 100.00]
[2026-02-11 15:36:02] [USER: tech_lead] | [PRODUCT: Locker Rental] | [TOTAL: 100.00]
[2026-02-11 15:36:02] [USER: anna_admin] | [PRODUCT: Locker Rental] | [TOTAL: 100.00]
[2026-02-11 15:36:02] [USER: kalle_kodare] | [PRODUCT: Locker Rental] | [TOTAL: 100.00]
[2026-02-11 15:36:02] [USER: anna_admin] | [PRODUCT: Locker Rental] | [TOTAL: 100.00]
[2026-02-11 15:36:02] [USER: berit_boss] | [PRODUCT: Locker Rental] | [TOTAL: 100.00]
[2026-02-11 15:36:02] [USER: berit_boss] | [PRODUCT: Locker Rental] | [TOTAL: 100.00]
[2026-02-11 15:36:02] [USER: early_adopter] | [PRODUCT: Locker Rental] | [TOTAL: 100.00]
[2026-02-11 15:36:02] [USER: dev_tester] | [PRODUCT: Locker Rental] | [TOTAL: 100.00]
[2026-02-11 15:36:02] [USER: anna_admin] | [PRODUCT: Locker Rental] | [TOTAL: 100.00]
[2026-02-11 15:36:02] [USER: anna_admin] | [PRODUCT: Locker Rental] | [TOTAL: 100.00]
[2026-02-11 15:36:02] [USER: dev_tester] | [PRODUCT: Locker Rental] | [TOTAL: 100.00]
[2026-02-11 15:36:02] [USER: berit_boss] | [PRODUCT: Locker Rental] | [TOTAL: 100.00]
[2026-02-11 15:36:02] [USER: festival_fanatic] | [PRODUCT: Locker Rental] | [TOTAL: 100.00]
[2026-02-11 15:36:02] [USER: berit_boss] | [PRODUCT: Locker Rental] | [TOTAL: 100.00]
[2026-02-11 15:36:02] [USER: fattig_student] | [PRODUCT: Locker Rental] | [TOTAL: 100.00]
[2026-02-11 15:36:02] [USER: berit_boss] | [PRODUCT: Locker Rental] | [TOTAL: 100.00]
[2026-02-11 15:36:02] [USER: anna_admin] | [PRODUCT: Locker Rental] | [TOTAL: 100.00]
[2026-02-11 15:36:02] [USER: berit_boss] | [PRODUCT: Locker Rental] | [TOTAL: 100.00]
[2026-02-11 15:36:02] [USER: vip_guest_1] | [PRODUCT: Locker Rental] | [TOTAL: 100.00]
[2026-02-11 15:36:02] [USER: early_adopter] | [PRODUCT: Locker Rental] | [TOTAL: 100.00]
[2026-02-11 15:36:03] [USER: vip_guest_1] | [PRODUCT: Locker Rental] | [TOTAL: 100.00]
[2026-02-11 15:36:03] [USER: tech_lead] | [PRODUCT: Locker Rental] | [TOTAL: 100.00]
[2026-02-11 15:36:03] [USER: kalle_kodare] | [PRODUCT: Locker Rental] | [TOTAL: 100.00]
[2026-02-11 15:36:03] [USER: berit_boss] | [PRODUCT: Locker Rental] | [TOTAL: 100.00]
[2026-02-11 15:36:03] [USER: kalle_kodare] | [PRODUCT: Locker Rental] | [TOTAL: 100.00]
[2026-02-11 15:36:03] [USER: early_adopter] | [PRODUCT: Locker Rental] | [TOTAL: 100.00]
[2026-02-11 15:36:03] [USER: kalle_kodare] | [PRODUCT: Locker Rental] | [TOTAL: 100.00]
[2026-02-11 15:36:03] [USER: kalle_kodare] | [PRODUCT: Locker Rental] | [TOTAL: 100.00]
[2026-02-11 15:36:03] [USER: dev_tester] | [PRODUCT: Locker Rental] | [TOTAL: 100.00]
[2026-02-11 15:36:03] [USER: tech_lead] | [PRODUCT: Locker Rental] | [TOTAL: 100.00]
[2026-02-11 15:36:03] [USER: late_comer] | [PRODUCT: Locker Rental] | [TOTAL: 100.00]
[2026-02-11 15:36:03] [USER: dev_tester] | [PRODUCT: Locker Rental] | [TOTAL: 100.00]
[2026-02-11 15:36:03] [USER: early_adopter] | [PRODUCT: Locker Rental] | [TOTAL: 100.00]
[2026-02-11 15:36:03] [USER: kalle_kodare] | [PRODUCT: Locker Rental] | [TOTAL: 100.00]
[2026-02-11 15:36:03] [USER: vip_guest_1] | [PRODUCT: Locker Rental] | [TOTAL: 100.00]
[2026-02-11 15:36:03] [USER: early_adopter] | [PRODUCT: Locker Rental] | [TOTAL: 100.00]
[2026-02-11 15:36:03] [USER: berit_boss] | [PRODUCT: Locker Rental] | [TOTAL: 100.00]
[2026-02-11 15:36:03] [USER: berit_boss] | [PRODUCT: Locker Rental] | [TOTAL: 100.00]
[2026-02-11 15:36:03] [USER: early_adopter] | [PRODUCT: Locker Rental] | [TOTAL: 100.00]
[2026-02-11 15:36:03] [USER: early_adopter] | [PRODUCT: Locker Rental] | [TOTAL: 100.00]
[2026-02-11 15:36:03] [USER: dev_tester] | [PRODUCT: Locker Rental] | [TOTAL: 100.00]
[2026-02-11 15:36:03] [USER: fattig_student] | [PRODUCT: Locker Rental] | [TOTAL: 100.00]
[2026-02-11 15:36:03] [USER: kalle_kodare] | [PRODUCT: Locker Rental] | [TOTAL: 100.00]
[2026-02-11 15:36:03] [USER: anna_admin] | [PRODUCT: Locker Rental] | [TOTAL: 100.00]
[2026-02-11 15:36:03] [USER: vip_guest_1] | [PRODUCT: Locker Rental] | [TOTAL: 100.00]
[2026-02-11 15:36:03] [USER: tech_lead] | [PRODUCT: Locker Rental] | [TOTAL: 100.00]
[2026-02-11 15:36:03] [USER: anna_admin] | [PRODUCT: Locker Rental] | [TOTAL: 100.00]
[2026-02-11 15:36:03] [USER: berit_boss] | [PRODUCT: Locker Rental] | [TOTAL: 100.00]
[2026-02-11 15:36:03] [USER: dev_tester] | [PRODUCT: Locker Rental] | [TOTAL: 100.00]
[2026-02-11 15:36:03] [USER: festival_fanatic] | [PRODUCT: Locker Rental] | [TOTAL: 100.00]
[2026-02-11 15:36:03] [USER: berit_boss] | [PRODUCT: Locker Rental] | [TOTAL: 100.00]
[2026-02-11 15:36:04] [USER: late_comer] | [PRODUCT: Locker Rental] | [TOTAL: 100.00]
[2026-02-11 15:36:04] [USER: anna_admin] | [PRODUCT: Locker Rental] | [TOTAL: 100.00]
[2026-02-11 15:36:04] [USER: vip_guest_1] | [PRODUCT: Locker Rental] | [TOTAL: 100.00]
[2026-02-11 15:36:04] [USER: festival_fanatic] | [PRODUCT: Locker Rental] | [TOTAL: 100.00]
[2026-02-11 15:36:04] [USER: kalle_kodare] | [PRODUCT: Locker Rental] | [TOTAL: 100.00]
[2026-02-11 15:36:04] [USER: dev_tester] | [PRODUCT: Locker Rental] | [TOTAL: 100.00]
[2026-02-11 15:36:04] [USER: late_comer] | [PRODUCT: Locker Rental] | [TOTAL: 100.00]
[2026-02-11 15:36:04] [USER: dev_tester] | [PRODUCT: Locker Rental] | [TOTAL: 100.00]
[2026-02-11 15:36:04] [USER: berit_boss] | [PRODUCT: Locker Rental] | [TOTAL: 100.00]
[2026-02-11 15:36:04] [USER: anna_admin] | [PRODUCT: Locker Rental] | [TOTAL: 100.00]
[2026-02-11 15:36:04] [USER: dev_tester] | [PRODUCT: Locker Rental] | [TOTAL: 100.00]
[2026-02-11 15:36:04] [USER: late_comer] | [PRODUCT: Locker Rental] | [TOTAL: 100.00]
[2026-02-11 15:36:04] [USER: fattig_student] | [PRODUCT: Locker Rental] | [TOTAL: 100.00]
[2026-02-11 15:36:04] [USER: vip_guest_1] | [PRODUCT: Locker Rental] | [TOTAL: 100.00]
[2026-02-11 15:36:04] [USER: dev_tester] | [PRODUCT: Locker Rental] | [TOTAL: 100.00]
[2026-02-11 15:36:04] [USER: berit_boss] | [PRODUCT: Locker Rental] | [TOTAL: 100.00]
[2026-02-11 15:36:04] [USER: vip_guest_1] | [PRODUCT: Locker Rental] | [TOTAL: 100.00]
[2026-02-11 15:36:04] [USER: berit_boss] | [PRODUCT: Locker Rental] | [TOTAL: 100.00]
[2026-02-11 15:36:04] [USER: fattig_student] | [PRODUCT: Locker Rental] | [TOTAL: 100.00]
[2026-02-11 15:36:04] [USER: dev_tester] | [PRODUCT: Locker Rental] | [TOTAL: 100.00]
[2026-02-11 15:36:04] [USER: early_adopter] | [PRODUCT: Locker Rental] | [TOTAL: 100.00]
[2026-02-11 15:36:04] [USER: berit_boss] | [PRODUCT: Locker Rental] | [TOTAL: 100.00]
[2026-02-11 15:36:04] [USER: kalle_kodare] | [PRODUCT: Locker Rental] | [TOTAL: 100.00]
[2026-02-11 15:36:04] [USER: late_comer] | [PRODUCT: Locker Rental] | [TOTAL: 100.00]
[2026-02-11 15:36:04] [USER: late_comer] | [PRODUCT: Locker Rental] | [TOTAL: 100.00]
[2026-02-11 15:36:04] [USER: dev_tester] | [PRODUCT: Locker Rental] | [TOTAL: 100.00]
[2026-02-11 15:36:04] [USER: early_adopter] | [PRODUCT: Locker Rental] | [TOTAL: 100.00]
[2026-02-11 15:36:04] [USER: kalle_kodare] | [PRODUCT: Locker Rental] | [TOTAL: 100.00]
[2026-02-11 15:36:04] [USER: dev_tester] | [PRODUCT: Locker Rental] | [TOTAL: 100.00]
[2026-02-11 15:36:04] [USER: berit_boss] | [PRODUCT: Locker Rental] | [TOTAL: 100.00]
[2026-02-11 15:36:05] [USER: berit_boss] | [PRODUCT: Locker Rental] | [TOTAL: 100.00]
[2026-02-11 15:36:05] [USER: anna_admin] | [PRODUCT: Locker Rental] | [TOTAL: 100.00]
[2026-02-11 15:36:05] [USER: anna_admin] | [PRODUCT: Locker Rental] | [TOTAL: 100.00]
[2026-02-11 15:36:05] [USER: early_adopter] | [PRODUCT: Locker Rental] | [TOTAL: 100.00]
[2026-02-11 15:36:05] [USER: dev_tester] | [PRODUCT: Locker Rental] | [TOTAL: 100.00]
[2026-02-11 15:36:05] [USER: festival_fanatic] | [PRODUCT: Locker Rental] | [TOTAL: 100.00]
[2026-02-11 15:36:05] [USER: vip_guest_1] | [PRODUCT: Locker Rental] | [TOTAL: 100.00]
[2026-02-11 15:36:05] [USER: vip_guest_1] | [PRODUCT: Locker Rental] | [TOTAL: 100.00]
[2026-02-11 15:36:05] [USER: anna_admin] | [PRODUCT: Locker Rental] | [TOTAL: 100.00]
[2026-02-11 15:36:05] [USER: anna_admin] | [PRODUCT: Locker Rental] | [TOTAL: 100.00]
[2026-02-11 15:36:05] [USER: fattig_student] | [PRODUCT: Locker Rental] | [TOTAL: 100.00]
[2026-02-11 15:36:05] [USER: festival_fanatic] | [PRODUCT: Locker Rental] | [TOTAL: 100.00]
[2026-02-11 15:36:05] [USER: fattig_student] | [PRODUCT: Locker Rental] | [TOTAL: 100.00]
[2026-02-11 15:36:05] [USER: tech_lead] | [PRODUCT: Locker Rental] | [TOTAL: 100.00]
[2026-02-11 15:36:05] [USER: dev_tester] | [PRODUCT: Locker Rental] | [TOTAL: 100.00]
[2026-02-11 15:36:05] [USER: festival_fanatic] | [PRODUCT: Locker Rental] | [TOTAL: 100.00]
[2026-02-11 15:36:05] [USER: berit_boss] | [PRODUCT: Locker Rental] | [TOTAL: 100.00]
[2026-02-11 15:36:05] [USER: late_comer] | [PRODUCT: Locker Rental] | [TOTAL: 100.00]
[2026-02-11 15:36:05] [USER: berit_boss] | [PRODUCT: Locker Rental] | [TOTAL: 100.00]
[2026-02-11 15:36:05] [USER: kalle_kodare] | [PRODUCT: Locker Rental] | [TOTAL: 100.00]
[2026-02-11 15:36:05] [USER: kalle_kodare] | [PRODUCT: Locker Rental] | [TOTAL: 100.00]
[2026-02-11 15:36:05] [USER: kalle_kodare] | [PRODUCT: Locker Rental] | [TOTAL: 100.00]
[2026-02-11 15:36:05] [USER: late_comer] | [PRODUCT: Locker Rental] | [TOTAL: 100.00]
[2026-02-11 15:36:05] [USER: vip_guest_1] | [PRODUCT: Locker Rental] | [TOTAL: 100.00]
[2026-02-11 15:36:05] [USER: dev_tester] | [PRODUCT: Locker Rental] | [TOTAL: 100.00]
[2026-02-11 15:36:05] [USER: festival_fanatic] | [PRODUCT: Locker Rental] | [TOTAL: 100.00]
[2026-02-11 15:36:05] [USER: kalle_kodare] | [PRODUCT: Locker Rental] | [TOTAL: 100.00]
[2026-02-11 15:36:05] [USER: late_comer] | [PRODUCT: Locker Rental] | [TOTAL: 100.00]
[2026-02-11 15:36:05] [USER: dev_tester] | [PRODUCT: Locker Rental] | [TOTAL: 100.00]
[2026-02-11 15:36:05] [USER: kalle_kodare] | [PRODUCT: Locker Rental] | [TOTAL: 100.00]
[2026-02-11 15:36:05] [USER: festival_fanatic] | [PRODUCT: Locker Rental] | [TOTAL: 100.00]
[2026-02-11 15:36:06] [USER: anna_admin] | [PRODUCT: Locker Rental] | [TOTAL: 100.00]
[2026-02-11 15:36:06] [USER: kalle_kodare] | [PRODUCT: Locker Rental] | [TOTAL: 100.00]
[2026-02-11 15:36:06] [USER: fattig_student] | [PRODUCT: Locker Rental] | [TOTAL: 100.00]
[2026-02-11 15:36:06] [USER: festival_fanatic] | [PRODUCT: Locker Rental] | [TOTAL: 100.00]
[2026-02-11 15:36:06] [USER: fattig_student] | [PRODUCT: Locker Rental] | [TOTAL: 100.00]
[2026-02-11 15:36:06] [USER: kalle_kodare] | [PRODUCT: Locker Rental] | [TOTAL: 100.00]
[2026-02-11 15:36:06] [USER: tech_lead] | [PRODUCT: Locker Rental] | [TOTAL: 100.00]
[2026-02-11 15:36:06] [USER: late_comer] | [PRODUCT: Locker Rental] | [TOTAL: 100.00]
[2026-02-11 15:36:06] [USER: late_comer] | [PRODUCT: Locker Rental] | [TOTAL: 100.00]
[2026-02-11 15:36:06] [USER: dev_tester] | [PRODUCT: Locker Rental] | [TOTAL: 100.00]
[2026-02-11 15:36:06] [USER: kalle_kodare] | [PRODUCT: Locker Rental] | [TOTAL: 100.00]
[2026-02-11 15:36:06] [USER: vip_guest_1] | [PRODUCT: Locker Rental] | [TOTAL: 100.00]
[2026-02-11 15:36:06] [USER: anna_admin] | [PRODUCT: Locker Rental] | [TOTAL: 100.00]
[2026-02-11 15:36:06] [USER: kalle_kodare] | [PRODUCT: Locker Rental] | [TOTAL: 100.00]
[2026-02-11 15:36:06] [USER: early_adopter] | [PRODUCT: Locker Rental] | [TOTAL: 100.00]
[2026-02-11 15:36:06] [USER: tech_lead] | [PRODUCT: Locker Rental] | [TOTAL: 100.00]
[2026-02-11 15:36:06] [USER: dev_tester] | [PRODUCT: Locker Rental] | [TOTAL: 100.00]
[2026-02-11 15:36:06] [USER: early_adopter] | [PRODUCT: Locker Rental] | [TOTAL: 100.00]
[2026-02-11 15:36:06] [USER: dev_tester] | [PRODUCT: Locker Rental] | [TOTAL: 100.00]
[2026-02-11 15:36:06] [USER: late_comer] | [PRODUCT: Locker Rental] | [TOTAL: 100.00]
[2026-02-11 15:36:06] [USER: late_comer] | [PRODUCT: Locker Rental] | [TOTAL: 100.00]
[2026-02-11 15:36:06] [USER: berit_boss] | [PRODUCT: Locker Rental] | [TOTAL: 100.00]
[2026-02-11 15:36:06] [USER: berit_boss] | [PRODUCT: Locker Rental] | [TOTAL: 100.00]
[2026-02-11 15:36:06] [USER: vip_guest_1] | [PRODUCT: Locker Rental] | [TOTAL: 100.00]
[2026-02-11 15:36:06] [USER: dev_tester] | [PRODUCT: Locker Rental] | [TOTAL: 100.00]
[2026-02-11 15:36:06] [USER: early_adopter] | [PRODUCT: Locker Rental] | [TOTAL: 100.00]
[2026-02-11 15:36:06] [USER: vip_guest_1] | [PRODUCT: Locker Rental] | [TOTAL: 100.00]
[2026-02-11 15:36:06] [USER: kalle_kodare] | [PRODUCT: Locker Rental] | [TOTAL: 100.00]
[2026-02-11 15:36:06] [USER: anna_admin] | [PRODUCT: Locker Rental] | [TOTAL: 100.00]
[2026-02-11 15:36:06] [USER: fattig_student] | [PRODUCT: Locker Rental] | [TOTAL: 100.00]
[2026-02-11 15:36:07] [USER: early_adopter] | [PRODUCT: Locker Rental] | [TOTAL: 100.00]
[2026-02-11 15:36:07] [USER: vip_guest_1] | [PRODUCT: Locker Rental] | [TOTAL: 100.00]
[2026-02-11 15:36:07] [USER: early_adopter] | [PRODUCT: Locker Rental] | [TOTAL: 100.00]
[2026-02-11 15:36:07] [USER: berit_boss] | [PRODUCT: Locker Rental] | [TOTAL: 100.00]
[2026-02-11 15:36:07] [USER: anna_admin] | [PRODUCT: Locker Rental] | [TOTAL: 100.00]
[2026-02-11 15:36:07] [USER: berit_boss] | [PRODUCT: Locker Rental] | [TOTAL: 100.00]
[2026-02-11 15:36:07] [USER: late_comer] | [PRODUCT: Locker Rental] | [TOTAL: 100.00]
[2026-02-11 15:36:07] [USER: anna_admin] | [PRODUCT: Locker Rental] | [TOTAL: 100.00]
[2026-02-11 15:36:07] [USER: anna_admin] | [PRODUCT: Locker Rental] | [TOTAL: 100.00]
[2026-02-11 15:36:07] [USER: dev_tester] | [PRODUCT: Locker Rental] | [TOTAL: 100.00]
[2026-02-11 15:36:07] [USER: tech_lead] | [PRODUCT: Locker Rental] | [TOTAL: 100.00]
[2026-02-11 15:36:07] [USER: anna_admin] | [PRODUCT: Locker Rental] | [TOTAL: 100.00]
[2026-02-11 15:36:07] [USER: early_adopter] | [PRODUCT: Locker Rental] | [TOTAL: 100.00]
[2026-02-11 15:36:07] [USER: fattig_student] | [PRODUCT: Locker Rental] | [TOTAL: 100.00]
[2026-02-11 15:36:07] [USER: dev_tester] | [PRODUCT: Locker Rental] | [TOTAL: 100.00]
[2026-02-11 15:36:07] [USER: anna_admin] | [PRODUCT: Locker Rental] | [TOTAL: 100.00]
[2026-02-11 15:36:07] [USER: tech_lead] | [PRODUCT: Locker Rental] | [TOTAL: 100.00]
[2026-02-11 15:36:07] [USER: berit_boss] | [PRODUCT: Locker Rental] | [TOTAL: 100.00]
[2026-02-11 15:36:07] [USER: anna_admin] | [PRODUCT: Locker Rental] | [TOTAL: 100.00]
[2026-02-11 15:36:07] [USER: kalle_kodare] | [PRODUCT: Locker Rental] | [TOTAL: 100.00]
[2026-02-11 15:36:07] [USER: kalle_kodare] | [PRODUCT: Locker Rental] | [TOTAL: 100.00]
[2026-02-11 15:36:07] [USER: early_adopter] | [PRODUCT: Locker Rental] | [TOTAL: 100.00]
[2026-02-11 15:36:07] [USER: vip_guest_1] | [PRODUCT: Locker Rental] | [TOTAL: 100.00]
[2026-02-11 15:36:07] [USER: tech_lead] | [PRODUCT: Locker Rental] | [TOTAL: 100.00]
[2026-02-11 15:36:07] [USER: kalle_kodare] | [PRODUCT: Locker Rental] | [TOTAL: 100.00]
[2026-02-11 15:36:07] [USER: late_comer] | [PRODUCT: Locker Rental] | [TOTAL: 100.00]
[2026-02-11 15:36:07] [USER: kalle_kodare] | [PRODUCT: Locker Rental] | [TOTAL: 100.00]
[2026-02-11 15:36:07] [USER: kalle_kodare] | [PRODUCT: Locker Rental] | [TOTAL: 100.00]
[2026-02-11 15:36:07] [USER: festival_fanatic] | [PRODUCT: Locker Rental] | [TOTAL: 100.00]
[2026-02-11 15:36:07] [USER: berit_boss] | [PRODUCT: Locker Rental] | [TOTAL: 100.00]
[2026-02-11 15:36:08] [USER: dev_tester] | [PRODUCT: Locker Rental] | [TOTAL: 100.00]
[2026-02-11 15:36:08] [USER: late_comer] | [PRODUCT: Locker Rental] | [TOTAL: 100.00]
[2026-02-11 15:36:08] [USER: vip_guest_1] | [PRODUCT: Locker Rental] | [TOTAL: 100.00]
[2026-02-11 15:36:08] [USER: early_adopter] | [PRODUCT: Locker Rental] | [TOTAL: 100.00]
[2026-02-11 15:36:08] [USER: late_comer] | [PRODUCT: Locker Rental] | [TOTAL: 100.00]
[2026-02-11 15:36:08] [USER: berit_boss] | [PRODUCT: Locker Rental] | [TOTAL: 100.00]
[2026-02-11 15:36:08] [USER: festival_fanatic] | [PRODUCT: Locker Rental] | [TOTAL: 100.00]
[2026-02-11 15:36:08] [USER: anna_admin] | [PRODUCT: Locker Rental] | [TOTAL: 100.00]
[2026-02-11 15:36:08] [USER: early_adopter] | [PRODUCT: Locker Rental] | [TOTAL: 100.00]
[2026-02-11 15:36:08] [USER: early_adopter] | [PRODUCT: Locker Rental] | [TOTAL: 100.00]
[2026-02-11 15:36:08] [USER: festival_fanatic] | [PRODUCT: Locker Rental] | [TOTAL: 100.00]
[2026-02-11 15:36:08] [USER: vip_guest_1] | [PRODUCT: Locker Rental] | [TOTAL: 100.00]
[2026-02-11 15:36:08] [USER: berit_boss] | [PRODUCT: Locker Rental] | [TOTAL: 100.00]
[2026-02-11 15:36:08] [USER: dev_tester] | [PRODUCT: Locker Rental] | [TOTAL: 100.00]
[2026-02-11 15:36:08] [USER: dev_tester] | [PRODUCT: Locker Rental] | [TOTAL: 100.00]
[2026-02-11 15:36:08] [USER: late_comer] | [PRODUCT: Locker Rental] | [TOTAL: 100.00]
[2026-02-11 15:36:08] [USER: late_comer] | [PRODUCT: Locker Rental] | [TOTAL: 100.00]
[2026-02-11 15:36:08] [USER: tech_lead] | [PRODUCT: Locker Rental] | [TOTAL: 100.00]
[2026-02-11 15:36:08] [USER: early_adopter] | [PRODUCT: Locker Rental] | [TOTAL: 100.00]
[2026-02-11 15:36:08] [USER: berit_boss] | [PRODUCT: Locker Rental] | [TOTAL: 100.00]
[2026-02-11 15:36:08] [USER: dev_tester] | [PRODUCT: Locker Rental] | [TOTAL: 100.00]
[2026-02-11 15:36:08] [USER: late_comer] | [PRODUCT: Locker Rental] | [TOTAL: 100.00]
[2026-02-11 15:36:08] [USER: early_adopter] | [PRODUCT: Locker Rental] | [TOTAL: 100.00]
[2026-02-11 15:36:08] [USER: tech_lead] | [PRODUCT: Locker Rental] | [TOTAL: 100.00]
[2026-02-11 15:36:08] [USER: festival_fanatic] | [PRODUCT: Locker Rental] | [TOTAL: 100.00]
[2026-02-11 15:36:08] [USER: fattig_student] | [PRODUCT: Locker Rental] | [TOTAL: 100.00]
[2026-02-11 15:36:08] [USER: dev_tester] | [PRODUCT: Locker Rental] | [TOTAL: 100.00]
[2026-02-11 15:36:08] [USER: tech_lead] | [PRODUCT: Locker Rental] | [TOTAL: 100.00]
[2026-02-11 15:36:08] [USER: festival_fanatic] | [PRODUCT: Locker Rental] | [TOTAL: 100.00]
[2026-02-11 15:36:08] [USER: tech_lead] | [PRODUCT: Locker Rental] | [TOTAL: 100.00]
[2026-02-11 15:36:08] [USER: fattig_student] | [PRODUCT: Locker Rental] | [TOTAL: 100.00]
[2026-02-11 15:36:09] [USER: kalle_kodare] | [PRODUCT: Locker Rental] | [TOTAL: 100.00]
[2026-02-11 15:36:09] [USER: festival_fanatic] | [PRODUCT: Locker Rental] | [TOTAL: 100.00]
[2026-02-11 15:36:09] [USER: berit_boss] | [PRODUCT: Locker Rental] | [TOTAL: 100.00]
[2026-02-11 15:36:09] [USER: vip_guest_1] | [PRODUCT: Locker Rental] | [TOTAL: 100.00]
[2026-02-11 15:36:09] [USER: dev_tester] | [PRODUCT: Locker Rental] | [TOTAL: 100.00]
[2026-02-11 15:36:09] [USER: dev_tester] | [PRODUCT: Locker Rental] | [TOTAL: 100.00]
[2026-02-11 15:36:09] [USER: berit_boss] | [PRODUCT: Locker Rental] | [TOTAL: 100.00]
[2026-02-11 15:36:09] [USER: festival_fanatic] | [PRODUCT: Locker Rental] | [TOTAL: 100.00]
[2026-02-11 15:36:09] [USER: vip_guest_1] | [PRODUCT: Locker Rental] | [TOTAL: 100.00]
[2026-02-11 15:36:09] [USER: dev_tester] | [PRODUCT: Locker Rental] | [TOTAL: 100.00]
[2026-02-11 15:36:09] [USER: festival_fanatic] | [PRODUCT: Locker Rental] | [TOTAL: 100.00]
[2026-02-11 15:36:09] [USER: fattig_student] | [PRODUCT: Locker Rental] | [TOTAL: 100.00]
[2026-02-11 15:36:09] [USER: fattig_student] | [PRODUCT: Locker Rental] | [TOTAL: 100.00]
[2026-02-11 15:36:09] [USER: kalle_kodare] | [PRODUCT: Locker Rental] | [TOTAL: 100.00]
[2026-02-11 15:36:09] [USER: fattig_student] | [PRODUCT: Locker Rental] | [TOTAL: 100.00]
[2026-02-11 15:36:09] [USER: early_adopter] | [PRODUCT: Locker Rental] | [TOTAL: 100.00]
[2026-02-11 15:36:09] [USER: late_comer] | [PRODUCT: Locker Rental] | [TOTAL: 100.00]
[2026-02-11 15:36:09] [USER: anna_admin] | [PRODUCT: Locker Rental] | [TOTAL: 100.00]
[2026-02-11 15:36:09] [USER: vip_guest_1] | [PRODUCT: Locker Rental] | [TOTAL: 100.00]
[2026-02-11 15:36:09] [USER: fattig_student] | [PRODUCT: Locker Rental] | [TOTAL: 100.00]
[2026-02-11 15:36:09] [USER: dev_tester] | [PRODUCT: Locker Rental] | [TOTAL: 100.00]
[2026-02-11 15:36:09] [USER: early_adopter] | [PRODUCT: Locker Rental] | [TOTAL: 100.00]
[2026-02-11 15:36:09] [USER: berit_boss] | [PRODUCT: Locker Rental] | [TOTAL: 100.00]
[2026-02-11 15:36:09] [USER: early_adopter] | [PRODUCT: Locker Rental] | [TOTAL: 100.00]
[2026-02-11 15:36:09] [USER: anna_admin] | [PRODUCT: Locker Rental] | [TOTAL: 100.00]
[2026-02-11 15:36:09] [USER: late_comer] | [PRODUCT: Locker Rental] | [TOTAL: 100.00]
[2026-02-11 15:36:09] [USER: early_adopter] | [PRODUCT: Locker Rental] | [TOTAL: 100.00]
[2026-02-11 15:36:09] [USER: anna_admin] | [PRODUCT: Locker Rental] | [TOTAL: 100.00]
[2026-02-11 15:36:09] [USER: kalle_kodare] | [PRODUCT: Locker Rental] | [TOTAL: 100.00]
[2026-02-11 15:36:09] [USER: vip_guest_1] | [PRODUCT: Locker Rental] | [TOTAL: 100.00]
[2026-02-11 15:36:10] [USER: vip_guest_1] | [PRODUCT: Locker Rental] | [TOTAL: 100.00]
[2026-02-11 15:36:10] [USER: anna_admin] | [PRODUCT: Locker Rental] | [TOTAL: 100.00]
[2026-02-11 15:36:10] [USER: early_adopter] | [PRODUCT: Locker Rental] | [TOTAL: 100.00]
[2026-02-11 15:36:10] [USER: dev_tester] | [PRODUCT: Locker Rental] | [TOTAL: 100.00]
[2026-02-11 15:36:10] [USER: fattig_student] | [PRODUCT: Locker Rental] | [TOTAL: 100.00]
[2026-02-11 15:36:10] [USER: festival_fanatic] | [PRODUCT: Locker Rental] | [TOTAL: 100.00]
[2026-02-11 15:36:10] [USER: late_comer] | [PRODUCT: Locker Rental] | [TOTAL: 100.00]
[2026-02-11 15:36:10] [USER: festival_fanatic] | [PRODUCT: Locker Rental] | [TOTAL: 100.00]
[2026-02-11 15:36:10] [USER: anna_admin] | [PRODUCT: Locker Rental] | [TOTAL: 100.00]
[2026-02-11 15:36:10] [USER: late_comer] | [PRODUCT: Locker Rental] | [TOTAL: 100.00]
[2026-02-11 15:36:10] [USER: berit_boss] | [PRODUCT: Locker Rental] | [TOTAL: 100.00]
[2026-02-11 15:36:10] [USER: anna_admin] | [PRODUCT: Locker Rental] | [TOTAL: 100.00]
[2026-02-11 15:36:10] [USER: kalle_kodare] | [PRODUCT: Locker Rental] | [TOTAL: 100.00]
[2026-02-11 15:36:10] [USER: vip_guest_1] | [PRODUCT: Locker Rental] | [TOTAL: 100.00]
[2026-02-11 15:36:10] [USER: berit_boss] | [PRODUCT: Locker Rental] | [TOTAL: 100.00]
[2026-02-11 15:36:10] [USER: berit_boss] | [PRODUCT: Locker Rental] | [TOTAL: 100.00]
[2026-02-11 15:36:10] [USER: fattig_student] | [PRODUCT: Locker Rental] | [TOTAL: 100.00]
[2026-02-11 15:36:10] [USER: early_adopter] | [PRODUCT: Locker Rental] | [TOTAL: 100.00]
[2026-02-11 15:36:10] [USER: kalle_kodare] | [PRODUCT: Locker Rental] | [TOTAL: 100.00]
[2026-02-11 15:36:10] [USER: anna_admin] | [PRODUCT: Locker Rental] | [TOTAL: 100.00]
[2026-02-11 15:36:10] [USER: dev_tester] | [PRODUCT: Locker Rental] | [TOTAL: 100.00]
[2026-02-11 15:36:10] [USER: late_comer] | [PRODUCT: Locker Rental] | [TOTAL: 100.00]
[2026-02-11 15:36:10] [USER: kalle_kodare] | [PRODUCT: Locker Rental] | [TOTAL: 100.00]
[2026-02-11 15:36:10] [USER: berit_boss] | [PRODUCT: Locker Rental] | [TOTAL: 100.00]
[2026-02-11 15:36:10] [USER: dev_tester] | [PRODUCT: Locker Rental] | [TOTAL: 100.00]
[2026-02-11 15:36:10] [USER: tech_lead] | [PRODUCT: Locker Rental] | [TOTAL: 100.00]
[2026-02-11 15:36:10] [USER: kalle_kodare] | [PRODUCT: Locker Rental] | [TOTAL: 100.00]
[2026-02-11 15:36:10] [USER: tech_lead] | [PRODUCT: Locker Rental] | [TOTAL: 100.00]
[2026-02-11 15:36:10] [USER: berit_boss] | [PRODUCT: Locker Rental] | [TOTAL: 100.00]
[2026-02-11 15:36:10] [USER: late_comer] | [PRODUCT: Locker Rental] | [TOTAL: 100.00]
[2026-02-11 15:36:11] [USER: vip_guest_1] | [PRODUCT: Locker Rental] | [TOTAL: 100.00]
[2026-02-11 15:36:11] [USER: late_comer] | [PRODUCT: Locker Rental] | [TOTAL: 100.00]
[2026-02-11 15:36:11] [USER: berit_boss] | [PRODUCT: Locker Rental] | [TOTAL: 100.00]
[2026-02-11 15:36:11] [USER: early_adopter] | [PRODUCT: Locker Rental] | [TOTAL: 100.00]
[2026-02-11 15:36:11] [USER: tech_lead] | [PRODUCT: Locker Rental] | [TOTAL: 100.00]
[2026-02-11 15:36:11] [USER: tech_lead] | [PRODUCT: Locker Rental] | [TOTAL: 100.00]
[2026-02-11 15:36:11] [USER: tech_lead] | [PRODUCT: Locker Rental] | [TOTAL: 100.00]
[2026-02-11 15:36:11] [USER: fattig_student] | [PRODUCT: Locker Rental] | [TOTAL: 100.00]
[2026-02-11 15:36:11] [USER: kalle_kodare] | [PRODUCT: Locker Rental] | [TOTAL: 100.00]
[2026-02-11 15:36:11] [USER: dev_tester] | [PRODUCT: Locker Rental] | [TOTAL: 100.00]
[2026-02-11 15:36:11] [USER: vip_guest_1] | [PRODUCT: Locker Rental] | [TOTAL: 100.00]
[2026-02-11 15:36:11] [USER: berit_boss] | [PRODUCT: Locker Rental] | [TOTAL: 100.00]
[2026-02-11 15:36:11] [USER: fattig_student] | [PRODUCT: Locker Rental] | [TOTAL: 100.00]
[2026-02-11 15:36:11] [USER: kalle_kodare] | [PRODUCT: Locker Rental] | [TOTAL: 100.00]
[2026-02-11 15:36:11] [USER: dev_tester] | [PRODUCT: Locker Rental] | [TOTAL: 100.00]
[2026-02-11 15:36:11] [USER: dev_tester] | [PRODUCT: Locker Rental] | [TOTAL: 100.00]
[2026-02-11 15:36:11] [USER: late_comer] | [PRODUCT: Locker Rental] | [TOTAL: 100.00]
[2026-02-11 15:36:11] [USER: berit_boss] | [PRODUCT: Locker Rental] | [TOTAL: 100.00]
[2026-02-11 15:36:11] [USER: festival_fanatic] | [PRODUCT: Locker Rental] | [TOTAL: 100.00]
[2026-02-11 15:36:11] [USER: late_comer] | [PRODUCT: Locker Rental] | [TOTAL: 100.00]
[2026-02-11 15:36:11] [USER: fattig_student] | [PRODUCT: Locker Rental] | [TOTAL: 100.00]
[2026-02-11 15:36:11] [USER: berit_boss] | [PRODUCT: Locker Rental] | [TOTAL: 100.00]
[2026-02-11 15:36:11] [USER: vip_guest_1] | [PRODUCT: Locker Rental] | [TOTAL: 100.00]
[2026-02-11 15:36:11] [USER: late_comer] | [PRODUCT: Locker Rental] | [TOTAL: 100.00]
[2026-02-11 15:36:11] [USER: tech_lead] | [PRODUCT: Locker Rental] | [TOTAL: 100.00]
[2026-02-11 15:36:11] [USER: tech_lead] | [PRODUCT: Locker Rental] | [TOTAL: 100.00]
[2026-02-11 15:36:11] [USER: dev_tester] | [PRODUCT: Locker Rental] | [TOTAL: 100.00]
[2026-02-11 15:36:11] [USER: late_comer] | [PRODUCT: Locker Rental] | [TOTAL: 100.00]
[2026-02-11 15:36:11] [USER: kalle_kodare] | [PRODUCT: Locker Rental] | [TOTAL: 100.00]
[2026-02-11 15:36:11] [USER: festival_fanatic] | [PRODUCT: Locker Rental] | [TOTAL: 100.00]
[2026-02-11 15:36:11] [USER: festival_fanatic] | [PRODUCT: Locker Rental] | [TOTAL: 100.00]
[2026-02-11 15:36:11] [USER: tech_lead] | [PRODUCT: Locker Rental] | [TOTAL: 100.00]
[2026-02-11 15:36:12] [USER: vip_guest_1] | [PRODUCT: Locker Rental] | [TOTAL: 100.00]
[2026-02-11 15:36:12] [USER: early_adopter] | [PRODUCT: Locker Rental] | [TOTAL: 100.00]
[2026-02-11 15:36:12] [USER: berit_boss] | [PRODUCT: Locker Rental] | [TOTAL: 100.00]
[2026-02-11 15:36:12] [USER: festival_fanatic] | [PRODUCT: Locker Rental] | [TOTAL: 100.00]
[2026-02-11 15:36:12] [USER: dev_tester] | [PRODUCT: Locker Rental] | [TOTAL: 100.00]
[2026-02-11 15:36:12] [USER: late_comer] | [PRODUCT: Locker Rental] | [TOTAL: 100.00]
[2026-02-11 15:36:12] [USER: vip_guest_1] | [PRODUCT: Locker Rental] | [TOTAL: 100.00]
[2026-02-11 15:36:12] [USER: vip_guest_1] | [PRODUCT: Locker Rental] | [TOTAL: 100.00]
[2026-02-11 15:36:12] [USER: kalle_kodare] | [PRODUCT: Locker Rental] | [TOTAL: 100.00]
[2026-02-11 15:36:12] [USER: kalle_kodare] | [PRODUCT: Locker Rental] | [TOTAL: 100.00]
[2026-02-11 15:36:12] [USER: kalle_kodare] | [PRODUCT: Locker Rental] | [TOTAL: 100.00]
[2026-02-11 15:36:12] [USER: anna_admin] | [PRODUCT: Locker Rental] | [TOTAL: 100.00]
[2026-02-11 15:36:12] [USER: tech_lead] | [PRODUCT: Locker Rental] | [TOTAL: 100.00]
[2026-02-11 15:36:12] [USER: berit_boss] | [PRODUCT: Locker Rental] | [TOTAL: 100.00]
[2026-02-11 15:36:12] [USER: fattig_student] | [PRODUCT: Locker Rental] | [TOTAL: 100.00]
[2026-02-11 15:36:12] [USER: late_comer] | [PRODUCT: Locker Rental] | [TOTAL: 100.00]
[2026-02-11 15:36:12] [USER: berit_boss] | [PRODUCT: Locker Rental] | [TOTAL: 100.00]
[2026-02-11 15:36:12] [USER: anna_admin] | [PRODUCT: Locker Rental] | [TOTAL: 100.00]
[2026-02-11 15:36:12] [USER: festival_fanatic] | [PRODUCT: Locker Rental] | [TOTAL: 100.00]
[2026-02-11 15:36:12] [USER: late_comer] | [PRODUCT: Locker Rental] | [TOTAL: 100.00]
[2026-02-11 15:36:12] [USER: tech_lead] | [PRODUCT: Locker Rental] | [TOTAL: 100.00]
[2026-02-11 15:36:12] [USER: late_comer] | [PRODUCT: Locker Rental] | [TOTAL: 100.00]
[2026-02-11 15:36:12] [USER: late_comer] | [PRODUCT: Locker Rental] | [TOTAL: 100.00]
[2026-02-11 15:36:12] [USER: festival_fanatic] | [PRODUCT: Locker Rental] | [TOTAL: 100.00]
[2026-02-11 15:36:12] [USER: vip_guest_1] | [PRODUCT: Locker Rental] | [TOTAL: 100.00]
[2026-02-11 15:36:12] [USER: kalle_kodare] | [PRODUCT: Locker Rental] | [TOTAL: 100.00]
[2026-02-11 15:36:12] [USER: vip_guest_1] | [PRODUCT: Locker Rental] | [TOTAL: 100.00]
[2026-02-11 15:36:12] [USER: fattig_student] | [PRODUCT: Locker Rental] | [TOTAL: 100.00]
[2026-02-11 15:36:12] [USER: berit_boss] | [PRODUCT: Locker Rental] | [TOTAL: 100.00]
[2026-02-11 15:36:12] [USER: early_adopter] | [PRODUCT: Locker Rental] | [TOTAL: 100.00]
[2026-02-11 15:36:13] [USER: fattig_student] | [PRODUCT: Locker Rental] | [TOTAL: 100.00]
[2026-02-11 15:36:13] [USER: berit_boss] | [PRODUCT: Locker Rental] | [TOTAL: 100.00]
[2026-02-11 15:36:13] [USER: anna_admin] | [PRODUCT: Locker Rental] | [TOTAL: 100.00]
[2026-02-11 15:36:13] [USER: late_comer] | [PRODUCT: Locker Rental] | [TOTAL: 100.00]
[2026-02-11 15:36:13] [USER: vip_guest_1] | [PRODUCT: Locker Rental] | [TOTAL: 100.00]
[2026-02-11 15:36:13] [USER: fattig_student] | [PRODUCT: Locker Rental] | [TOTAL: 100.00]
[2026-02-11 15:36:13] [USER: kalle_kodare] | [PRODUCT: Locker Rental] | [TOTAL: 100.00]
[2026-02-11 15:36:13] [USER: anna_admin] | [PRODUCT: Locker Rental] | [TOTAL: 100.00]
[2026-02-11 15:36:13] [USER: berit_boss] | [PRODUCT: Locker Rental] | [TOTAL: 100.00]
[2026-02-11 15:36:13] [USER: fattig_student] | [PRODUCT: Locker Rental] | [TOTAL: 100.00]
[2026-02-11 15:36:13] [USER: anna_admin] | [PRODUCT: Locker Rental] | [TOTAL: 100.00]
[2026-02-11 15:36:13] [USER: kalle_kodare] | [PRODUCT: Locker Rental] | [TOTAL: 100.00]
[2026-02-11 15:36:13] [USER: tech_lead] | [PRODUCT: Locker Rental] | [TOTAL: 100.00]
[2026-02-11 15:36:13] [USER: festival_fanatic] | [PRODUCT: Locker Rental] | [TOTAL: 100.00]
[2026-02-11 15:36:13] [USER: tech_lead] | [PRODUCT: Locker Rental] | [TOTAL: 100.00]
[2026-02-11 15:36:13] [USER: anna_admin] | [PRODUCT: Locker Rental] | [TOTAL: 100.00]
[2026-02-11 15:36:13] [USER: fattig_student] | [PRODUCT: Locker Rental] | [TOTAL: 100.00]
[2026-02-11 15:36:13] [USER: dev_tester] | [PRODUCT: Locker Rental] | [TOTAL: 100.00]
[2026-02-11 15:36:13] [USER: early_adopter] | [PRODUCT: Locker Rental] | [TOTAL: 100.00]
[2026-02-11 15:36:13] [USER: early_adopter] | [PRODUCT: Locker Rental] | [TOTAL: 100.00]
[2026-02-11 15:36:13] [USER: dev_tester] | [PRODUCT: Locker Rental] | [TOTAL: 100.00]
[2026-02-11 15:36:13] [USER: kalle_kodare] | [PRODUCT: Locker Rental] | [TOTAL: 100.00]
[2026-02-11 15:36:13] [USER: anna_admin] | [PRODUCT: Locker Rental] | [TOTAL: 100.00]
[2026-02-11 15:36:13] [USER: anna_admin] | [PRODUCT: Locker Rental] | [TOTAL: 100.00]
[2026-02-11 15:36:14] [USER: fattig_student] | [PRODUCT: Locker Rental] | [TOTAL: 100.00]
[2026-02-11 15:36:14] [USER: early_adopter] | [PRODUCT: Locker Rental] | [TOTAL: 100.00]
[2026-02-11 15:36:14] [USER: anna_admin] | [PRODUCT: Locker Rental] | [TOTAL: 100.00]
[2026-02-11 15:36:14] [USER: anna_admin] | [PRODUCT: Locker Rental] | [TOTAL: 100.00]
[2026-02-11 15:36:14] [USER: anna_admin] | [PRODUCT: Locker Rental] | [TOTAL: 100.00]
[2026-02-11 15:36:14] [USER: dev_tester] | [PRODUCT: Locker Rental] | [TOTAL: 100.00]
[2026-02-11 15:36:14] [USER: fattig_student] | [PRODUCT: Locker Rental] | [TOTAL: 100.00]
[2026-02-11 15:36:14] [USER: late_comer] | [PRODUCT: Locker Rental] | [TOTAL: 100.00]
[2026-02-11 15:36:14] [USER: vip_guest_1] | [PRODUCT: Locker Rental] | [TOTAL: 100.00]
[2026-02-11 15:36:14] [USER: vip_guest_1] | [PRODUCT: Locker Rental] | [TOTAL: 100.00]
[2026-02-11 15:36:14] [USER: dev_tester] | [PRODUCT: Locker Rental] | [TOTAL: 100.00]
[2026-02-11 15:36:14] [USER: fattig_student] | [PRODUCT: Locker Rental] | [TOTAL: 100.00]
[2026-02-11 15:36:14] [USER: anna_admin] | [PRODUCT: Locker Rental] | [TOTAL: 100.00]
[2026-02-11 15:36:14] [USER: festival_fanatic] | [PRODUCT: Locker Rental] | [TOTAL: 100.00]
[2026-02-11 15:36:14] [USER: early_adopter] | [PRODUCT: Locker Rental] | [TOTAL: 100.00]
[2026-02-11 15:36:14] [USER: berit_boss] | [PRODUCT: Locker Rental] | [TOTAL: 100.00]
[2026-02-11 15:36:14] [USER: tech_lead] | [PRODUCT: Locker Rental] | [TOTAL: 100.00]
[2026-02-11 15:36:14] [USER: berit_boss] | [PRODUCT: Locker Rental] | [TOTAL: 100.00]
[2026-02-11 15:36:14] [USER: early_adopter] | [PRODUCT: Locker Rental] | [TOTAL: 100.00]
[2026-02-11 15:36:14] [USER: fattig_student] | [PRODUCT: Locker Rental] | [TOTAL: 100.00]
[2026-02-11 15:36:14] [USER: fattig_student] | [PRODUCT: Locker Rental] | [TOTAL: 100.00]
[2026-02-11 15:36:14] [USER: anna_admin] | [PRODUCT: Locker Rental] | [TOTAL: 100.00]
[2026-02-11 15:36:14] [USER: berit_boss] | [PRODUCT: Locker Rental] | [TOTAL: 100.00]
[2026-02-11 15:36:14] [USER: kalle_kodare] | [PRODUCT: Locker Rental] | [TOTAL: 100.00]
[2026-02-11 15:36:14] [USER: berit_boss] | [PRODUCT: Locker Rental] | [TOTAL: 100.00]
[2026-02-11 15:36:14] [USER: dev_tester] | [PRODUCT: Locker Rental] | [TOTAL: 100.00]
[2026-02-11 15:36:14] [USER: late_comer] | [PRODUCT: Locker Rental] | [TOTAL: 100.00]
[2026-02-11 15:36:14] [USER: vip_guest_1] | [PRODUCT: Locker Rental] | [TOTAL: 100.00]
[2026-02-11 15:36:14] [USER: anna_admin] | [PRODUCT: Locker Rental] | [TOTAL: 100.00]
[2026-02-11 15:36:14] [USER: anna_admin] | [PRODUCT: Locker Rental] | [TOTAL: 100.00]
[2026-02-11 15:36:15] [USER: fattig_student] | [PRODUCT: Locker Rental] | [TOTAL: 100.00]
[2026-02-11 15:36:15] [USER: late_comer] | [PRODUCT: Locker Rental] | [TOTAL: 100.00]
[2026-02-11 15:36:15] [USER: vip_guest_1] | [PRODUCT: Locker Rental] | [TOTAL: 100.00]
[2026-02-11 15:36:15] [USER: festival_fanatic] | [PRODUCT: Locker Rental] | [TOTAL: 100.00]
[2026-02-11 15:36:15] [USER: fattig_student] | [PRODUCT: Locker Rental] | [TOTAL: 100.00]
[2026-02-11 15:36:15] [USER: vip_guest_1] | [PRODUCT: Locker Rental] | [TOTAL: 100.00]
[2026-02-11 15:36:15] [USER: late_comer] | [PRODUCT: Locker Rental] | [TOTAL: 100.00]
[2026-02-11 15:36:15] [USER: early_adopter] | [PRODUCT: Locker Rental] | [TOTAL: 100.00]
[2026-02-11 15:36:15] [USER: kalle_kodare] | [PRODUCT: Locker Rental] | [TOTAL: 100.00]
[2026-02-11 15:36:15] [USER: dev_tester] | [PRODUCT: Locker Rental] | [TOTAL: 100.00]
[2026-02-11 15:36:15] [USER: dev_tester] | [PRODUCT: Locker Rental] | [TOTAL: 100.00]
[2026-02-11 15:36:15] [USER: kalle_kodare] | [PRODUCT: Locker Rental] | [TOTAL: 100.00]
[2026-02-11 15:36:15] [USER: berit_boss] | [PRODUCT: Locker Rental] | [TOTAL: 100.00]
[2026-02-11 15:36:15] [USER: early_adopter] | [PRODUCT: Locker Rental] | [TOTAL: 100.00]
[2026-02-11 15:36:15] [USER: kalle_kodare] | [PRODUCT: Locker Rental] | [TOTAL: 100.00]
[2026-02-11 15:36:15] [USER: late_comer] | [PRODUCT: Locker Rental] | [TOTAL: 100.00]
[2026-02-11 15:36:15] [USER: late_comer] | [PRODUCT: Locker Rental] | [TOTAL: 100.00]
[2026-02-11 15:36:15] [USER: festival_fanatic] | [PRODUCT: Locker Rental] | [TOTAL: 100.00]
[2026-02-11 15:36:15] [USER: fattig_student] | [PRODUCT: Locker Rental] | [TOTAL: 100.00]
[2026-02-11 15:36:15] [USER: berit_boss] | [PRODUCT: Locker Rental] | [TOTAL: 100.00]
[2026-02-11 15:36:15] [USER: early_adopter] | [PRODUCT: Locker Rental] | [TOTAL: 100.00]
[2026-02-11 15:36:15] [USER: tech_lead] | [PRODUCT: Locker Rental] | [TOTAL: 100.00]
[2026-02-11 15:36:15] [USER: early_adopter] | [PRODUCT: Locker Rental] | [TOTAL: 100.00]
[2026-02-11 15:36:15] [USER: kalle_kodare] | [PRODUCT: Locker Rental] | [TOTAL: 100.00]
[2026-02-11 15:36:15] [USER: dev_tester] | [PRODUCT: Locker Rental] | [TOTAL: 100.00]
[2026-02-11 15:36:15] [USER: vip_guest_1] | [PRODUCT: Locker Rental] | [TOTAL: 100.00]
[2026-02-11 15:36:15] [USER: early_adopter] | [PRODUCT: Locker Rental] | [TOTAL: 100.00]
[2026-02-11 15:36:15] [USER: early_adopter] | [PRODUCT: Locker Rental] | [TOTAL: 100.00]
[2026-02-11 15:36:15] [USER: dev_tester] | [PRODUCT: Locker Rental] | [TOTAL: 100.00]
[2026-02-11 15:36:15] [USER: tech_lead] | [PRODUCT: Locker Rental] | [TOTAL: 100.00]
[2026-02-11 15:36:16] [USER: early_adopter] | [PRODUCT: Locker Rental] | [TOTAL: 100.00]
[2026-02-11 15:36:16] [USER: anna_admin] | [PRODUCT: Locker Rental] | [TOTAL: 100.00]
[2026-02-11 15:36:16] [USER: festival_fanatic] | [PRODUCT: Locker Rental] | [TOTAL: 100.00]
[2026-02-11 15:36:16] [USER: early_adopter] | [PRODUCT: Locker Rental] | [TOTAL: 100.00]
[2026-02-11 15:36:16] [USER: fattig_student] | [PRODUCT: Locker Rental] | [TOTAL: 100.00]
[2026-02-11 15:36:16] [USER: late_comer] | [PRODUCT: Locker Rental] | [TOTAL: 100.00]
[2026-02-11 15:36:16] [USER: kalle_kodare] | [PRODUCT: Locker Rental] | [TOTAL: 100.00]
[2026-02-11 15:36:16] [USER: early_adopter] | [PRODUCT: Locker Rental] | [TOTAL: 100.00]
[2026-02-11 15:36:16] [USER: festival_fanatic] | [PRODUCT: Locker Rental] | [TOTAL: 100.00]
[2026-02-11 15:36:16] [USER: kalle_kodare] | [PRODUCT: Locker Rental] | [TOTAL: 100.00]
[2026-02-11 15:36:16] [USER: fattig_student] | [PRODUCT: Locker Rental] | [TOTAL: 100.00]
[2026-02-11 15:36:16] [USER: dev_tester] | [PRODUCT: Locker Rental] | [TOTAL: 100.00]
[2026-02-11 15:36:16] [USER: fattig_student] | [PRODUCT: Locker Rental] | [TOTAL: 100.00]
[2026-02-11 15:36:16] [USER: anna_admin] | [PRODUCT: Locker Rental] | [TOTAL: 100.00]
[2026-02-11 15:36:16] [USER: fattig_student] | [PRODUCT: Locker Rental] | [TOTAL: 100.00]
[2026-02-11 15:36:16] [USER: kalle_kodare] | [PRODUCT: Locker Rental] | [TOTAL: 100.00]
[2026-02-11 15:36:16] [USER: anna_admin] | [PRODUCT: Locker Rental] | [TOTAL: 100.00]
[2026-02-11 15:36:16] [USER: kalle_kodare] | [PRODUCT: Locker Rental] | [TOTAL: 100.00]
[2026-02-11 15:36:16] [USER: berit_boss] | [PRODUCT: Locker Rental] | [TOTAL: 100.00]
[2026-02-11 15:36:16] [USER: dev_tester] | [PRODUCT: Locker Rental] | [TOTAL: 100.00]
[2026-02-11 15:36:16] [USER: dev_tester] | [PRODUCT: Locker Rental] | [TOTAL: 100.00]
[2026-02-11 15:36:16] [USER: fattig_student] | [PRODUCT: Locker Rental] | [TOTAL: 100.00]
[2026-02-11 15:36:16] [USER: berit_boss] | [PRODUCT: Locker Rental] | [TOTAL: 100.00]
[2026-02-11 15:36:16] [USER: kalle_kodare] | [PRODUCT: Locker Rental] | [TOTAL: 100.00]
[2026-02-11 15:36:16] [USER: fattig_student] | [PRODUCT: Locker Rental] | [TOTAL: 100.00]
[2026-02-11 15:36:16] [USER: dev_tester] | [PRODUCT: Locker Rental] | [TOTAL: 100.00]
[2026-02-11 15:36:17] [USER: dev_tester] | [PRODUCT: Locker Rental] | [TOTAL: 100.00]
[2026-02-11 15:36:17] [USER: festival_fanatic] | [PRODUCT: Locker Rental] | [TOTAL: 100.00]
[2026-02-11 15:36:17] [USER: late_comer] | [PRODUCT: Locker Rental] | [TOTAL: 100.00]
[2026-02-11 15:36:17] [USER: dev_tester] | [PRODUCT: Locker Rental] | [TOTAL: 100.00]
[2026-02-11 15:36:17] [USER: festival_fanatic] | [PRODUCT: Locker Rental] | [TOTAL: 100.00]
[2026-02-11 15:36:17] [USER: kalle_kodare] | [PRODUCT: Locker Rental] | [TOTAL: 100.00]
[2026-02-11 15:36:17] [USER: anna_admin] | [PRODUCT: Locker Rental] | [TOTAL: 100.00]
[2026-02-11 15:36:17] [USER: kalle_kodare] | [PRODUCT: Locker Rental] | [TOTAL: 100.00]
[2026-02-11 15:36:17] [USER: anna_admin] | [PRODUCT: Locker Rental] | [TOTAL: 100.00]
[2026-02-11 15:36:17] [USER: berit_boss] | [PRODUCT: Locker Rental] | [TOTAL: 100.00]
[2026-02-11 15:36:17] [USER: festival_fanatic] | [PRODUCT: Locker Rental] | [TOTAL: 100.00]
[2026-02-11 15:36:17] [USER: fattig_student] | [PRODUCT: Locker Rental] | [TOTAL: 100.00]
[2026-02-11 15:36:17] [USER: dev_tester] | [PRODUCT: Locker Rental] | [TOTAL: 100.00]
[2026-02-11 15:36:17] [USER: dev_tester] | [PRODUCT: Locker Rental] | [TOTAL: 100.00]
[2026-02-11 15:36:17] [USER: late_comer] | [PRODUCT: Locker Rental] | [TOTAL: 100.00]
[2026-02-11 15:36:17] [USER: dev_tester] | [PRODUCT: Locker Rental] | [TOTAL: 100.00]
[2026-02-11 15:36:17] [USER: vip_guest_1] | [PRODUCT: Locker Rental] | [TOTAL: 100.00]
[2026-02-11 15:36:17] [USER: vip_guest_1] | [PRODUCT: Locker Rental] | [TOTAL: 100.00]
[2026-02-11 15:36:17] [USER: dev_tester] | [PRODUCT: Locker Rental] | [TOTAL: 100.00]
[2026-02-11 15:36:17] [USER: anna_admin] | [PRODUCT: Locker Rental] | [TOTAL: 100.00]
[2026-02-11 15:36:17] [USER: vip_guest_1] | [PRODUCT: Locker Rental] | [TOTAL: 100.00]
[2026-02-11 15:36:17] [USER: berit_boss] | [PRODUCT: Locker Rental] | [TOTAL: 100.00]
[2026-02-11 15:36:17] [USER: berit_boss] | [PRODUCT: Locker Rental] | [TOTAL: 100.00]
[2026-02-11 15:36:17] [USER: tech_lead] | [PRODUCT: Locker Rental] | [TOTAL: 100.00]
[2026-02-11 15:36:17] [USER: dev_tester] | [PRODUCT: Locker Rental] | [TOTAL: 100.00]
[2026-02-11 15:36:17] [USER: anna_admin] | [PRODUCT: Locker Rental] | [TOTAL: 100.00]
[2026-02-11 15:36:17] [USER: fattig_student] | [PRODUCT: Locker Rental] | [TOTAL: 100.00]
[2026-02-11 15:36:17] [USER: dev_tester] | [PRODUCT: Locker Rental] | [TOTAL: 100.00]
[2026-02-11 15:36:17] [USER: anna_admin] | [PRODUCT: Locker Rental] | [TOTAL: 100.00]
[2026-02-11 15:36:17] [USER: kalle_kodare] | [PRODUCT: Locker Rental] | [TOTAL: 100.00]
[2026-02-11 15:36:18] [USER: vip_guest_1] | [PRODUCT: Locker Rental] | [TOTAL: 100.00]
[2026-02-11 15:36:18] [USER: vip_guest_1] | [PRODUCT: Locker Rental] | [TOTAL: 100.00]
[2026-02-11 15:36:18] [USER: berit_boss] | [PRODUCT: Locker Rental] | [TOTAL: 100.00]
[2026-02-11 15:36:18] [USER: kalle_kodare] | [PRODUCT: Locker Rental] | [TOTAL: 100.00]
[2026-02-11 15:36:18] [USER: late_comer] | [PRODUCT: Locker Rental] | [TOTAL: 100.00]
[2026-02-11 15:36:18] [USER: tech_lead] | [PRODUCT: Locker Rental] | [TOTAL: 100.00]
[2026-02-11 15:36:18] [USER: fattig_student] | [PRODUCT: Locker Rental] | [TOTAL: 100.00]
[2026-02-11 15:36:18] [USER: tech_lead] | [PRODUCT: Locker Rental] | [TOTAL: 100.00]
[2026-02-11 15:36:18] [USER: berit_boss] | [PRODUCT: Locker Rental] | [TOTAL: 100.00]
[2026-02-11 15:36:18] [USER: early_adopter] | [PRODUCT: Locker Rental] | [TOTAL: 100.00]
[2026-02-11 15:36:18] [USER: festival_fanatic] | [PRODUCT: Locker Rental] | [TOTAL: 100.00]
[2026-02-11 15:36:18] [USER: berit_boss] | [PRODUCT: Locker Rental] | [TOTAL: 100.00]
[2026-02-11 15:36:18] [USER: festival_fanatic] | [PRODUCT: Locker Rental] | [TOTAL: 100.00]
[2026-02-11 15:36:18] [USER: late_comer] | [PRODUCT: Locker Rental] | [TOTAL: 100.00]
[2026-02-11 15:36:18] [USER: dev_tester] | [PRODUCT: Locker Rental] | [TOTAL: 100.00]
[2026-02-11 15:36:18] [USER: festival_fanatic] | [PRODUCT: Locker Rental] | [TOTAL: 100.00]
[2026-02-11 15:36:18] [USER: berit_boss] | [PRODUCT: Locker Rental] | [TOTAL: 100.00]
[2026-02-11 15:36:18] [USER: dev_tester] | [PRODUCT: Locker Rental] | [TOTAL: 100.00]
[2026-02-11 15:36:18] [USER: early_adopter] | [PRODUCT: Locker Rental] | [TOTAL: 100.00]
[2026-02-11 15:36:18] [USER: early_adopter] | [PRODUCT: Locker Rental] | [TOTAL: 100.00]
[2026-02-11 15:36:18] [USER: berit_boss] | [PRODUCT: Locker Rental] | [TOTAL: 100.00]
[2026-02-11 15:36:18] [USER: dev_tester] | [PRODUCT: Locker Rental] | [TOTAL: 100.00]
[2026-02-11 15:36:18] [USER: late_comer] | [PRODUCT: Locker Rental] | [TOTAL: 100.00]
[2026-02-11 15:36:18] [USER: kalle_kodare] | [PRODUCT: Locker Rental] | [TOTAL: 100.00]
[2026-02-11 15:36:18] [USER: berit_boss] | [PRODUCT: Locker Rental] | [TOTAL: 100.00]
[2026-02-11 15:36:18] [USER: tech_lead] | [PRODUCT: Locker Rental] | [TOTAL: 100.00]
[2026-02-11 15:36:18] [USER: fattig_student] | [PRODUCT: Locker Rental] | [TOTAL: 100.00]
[2026-02-11 15:36:19] [USER: berit_boss] | [PRODUCT: Locker Rental] | [TOTAL: 100.00]
[2026-02-11 15:36:19] [USER: anna_admin] | [PRODUCT: Locker Rental] | [TOTAL: 100.00]
[2026-02-11 15:36:19] [USER: festival_fanatic] | [PRODUCT: Locker Rental] | [TOTAL: 100.00]
[2026-02-11 15:36:19] [USER: anna_admin] | [PRODUCT: Locker Rental] | [TOTAL: 100.00]
[2026-02-11 15:36:19] [USER: berit_boss] | [PRODUCT: Locker Rental] | [TOTAL: 100.00]
[2026-02-11 15:36:19] [USER: late_comer] | [PRODUCT: Locker Rental] | [TOTAL: 100.00]
[2026-02-11 15:36:19] [USER: late_comer] | [PRODUCT: Locker Rental] | [TOTAL: 100.00]
[2026-02-11 15:36:19] [USER: berit_boss] | [PRODUCT: Locker Rental] | [TOTAL: 100.00]
[2026-02-11 15:36:19] [USER: dev_tester] | [PRODUCT: Locker Rental] | [TOTAL: 100.00]
[2026-02-11 15:36:19] [USER: dev_tester] | [PRODUCT: Locker Rental] | [TOTAL: 100.00]
[2026-02-11 15:36:19] [USER: late_comer] | [PRODUCT: Locker Rental] | [TOTAL: 100.00]
[2026-02-11 15:36:19] [USER: vip_guest_1] | [PRODUCT: Locker Rental] | [TOTAL: 100.00]
[2026-02-11 15:36:19] [USER: early_adopter] | [PRODUCT: Locker Rental] | [TOTAL: 100.00]
[2026-02-11 15:36:19] [USER: tech_lead] | [PRODUCT: Locker Rental] | [TOTAL: 100.00]
[2026-02-11 15:36:19] [USER: early_adopter] | [PRODUCT: Locker Rental] | [TOTAL: 100.00]
[2026-02-11 15:36:19] [USER: early_adopter] | [PRODUCT: Locker Rental] | [TOTAL: 100.00]
[2026-02-11 15:36:19] [USER: early_adopter] | [PRODUCT: Locker Rental] | [TOTAL: 100.00]
[2026-02-11 15:36:19] [USER: dev_tester] | [PRODUCT: Locker Rental] | [TOTAL: 100.00]
[2026-02-11 15:36:19] [USER: anna_admin] | [PRODUCT: Locker Rental] | [TOTAL: 100.00]
[2026-02-11 15:36:19] [USER: vip_guest_1] | [PRODUCT: Locker Rental] | [TOTAL: 100.00]
[2026-02-11 15:36:19] [USER: vip_guest_1] | [PRODUCT: Locker Rental] | [TOTAL: 100.00]
[2026-02-11 15:36:19] [USER: late_comer] | [PRODUCT: Locker Rental] | [TOTAL: 100.00]
[2026-02-11 15:36:19] [USER: anna_admin] | [PRODUCT: Locker Rental] | [TOTAL: 100.00]
[2026-02-11 15:36:19] [USER: late_comer] | [PRODUCT: Locker Rental] | [TOTAL: 100.00]
[2026-02-11 15:36:19] [USER: dev_tester] | [PRODUCT: Locker Rental] | [TOTAL: 100.00]
[2026-02-11 15:36:19] [USER: festival_fanatic] | [PRODUCT: Locker Rental] | [TOTAL: 100.00]
[2026-02-11 15:36:19] [USER: tech_lead] | [PRODUCT: Locker Rental] | [TOTAL: 100.00]
[2026-02-11 15:36:19] [USER: dev_tester] | [PRODUCT: Locker Rental] | [TOTAL: 100.00]
[2026-02-11 15:36:19] [USER: dev_tester] | [PRODUCT: Locker Rental] | [TOTAL: 100.00]
[2026-02-11 15:36:19] [USER: berit_boss] | [PRODUCT: Locker Rental] | [TOTAL: 100.00]
[2026-02-11 15:36:20] [USER: fattig_student] | [PRODUCT: Locker Rental] | [TOTAL: 100.00]
[2026-02-11 15:36:20] [USER: vip_guest_1] | [PRODUCT: Locker Rental] | [TOTAL: 100.00]
[2026-02-11 15:36:20] [USER: tech_lead] | [PRODUCT: Locker Rental] | [TOTAL: 100.00]
[2026-02-11 15:36:20] [USER: tech_lead] | [PRODUCT: Locker Rental] | [TOTAL: 100.00]
[2026-02-11 15:36:20] [USER: dev_tester] | [PRODUCT: Locker Rental] | [TOTAL: 100.00]
[2026-02-11 15:36:20] [USER: berit_boss] | [PRODUCT: Locker Rental] | [TOTAL: 100.00]
[2026-02-11 15:36:20] [USER: dev_tester] | [PRODUCT: Locker Rental] | [TOTAL: 100.00]
[2026-02-11 15:36:20] [USER: anna_admin] | [PRODUCT: Locker Rental] | [TOTAL: 100.00]
[2026-02-11 15:36:20] [USER: dev_tester] | [PRODUCT: Locker Rental] | [TOTAL: 100.00]
[2026-02-11 15:36:20] [USER: early_adopter] | [PRODUCT: Locker Rental] | [TOTAL: 100.00]
[2026-02-11 15:36:20] [USER: dev_tester] | [PRODUCT: Locker Rental] | [TOTAL: 100.00]
[2026-02-11 15:36:20] [USER: late_comer] | [PRODUCT: Locker Rental] | [TOTAL: 100.00]
[2026-02-11 15:36:20] [USER: dev_tester] | [PRODUCT: Locker Rental] | [TOTAL: 100.00]
[2026-02-11 15:36:20] [USER: vip_guest_1] | [PRODUCT: Locker Rental] | [TOTAL: 100.00]
[2026-02-11 15:36:20] [USER: berit_boss] | [PRODUCT: Locker Rental] | [TOTAL: 100.00]
[2026-02-11 15:36:20] [USER: berit_boss] | [PRODUCT: Locker Rental] | [TOTAL: 100.00]
[2026-02-11 15:36:20] [USER: late_comer] | [PRODUCT: Locker Rental] | [TOTAL: 100.00]
[2026-02-11 15:36:20] [USER: dev_tester] | [PRODUCT: Locker Rental] | [TOTAL: 100.00]
[2026-02-11 15:36:20] [USER: late_comer] | [PRODUCT: Locker Rental] | [TOTAL: 100.00]
[2026-02-11 15:36:20] [USER: late_comer] | [PRODUCT: Locker Rental] | [TOTAL: 100.00]
[2026-02-11 15:36:20] [USER: festival_fanatic] | [PRODUCT: Locker Rental] | [TOTAL: 100.00]
[2026-02-11 15:36:20] [USER: berit_boss] | [PRODUCT: Locker Rental] | [TOTAL: 100.00]
[2026-02-11 15:36:20] [USER: berit_boss] | [PRODUCT: Locker Rental] | [TOTAL: 100.00]
[2026-02-11 15:36:20] [USER: kalle_kodare] | [PRODUCT: Locker Rental] | [TOTAL: 100.00]
[2026-02-11 15:36:20] [USER: anna_admin] | [PRODUCT: Locker Rental] | [TOTAL: 100.00]
[2026-02-11 15:36:20] [USER: kalle_kodare] | [PRODUCT: Locker Rental] | [TOTAL: 100.00]
[2026-02-11 15:36:20] [USER: vip_guest_1] | [PRODUCT: Locker Rental] | [TOTAL: 100.00]
[2026-02-11 15:36:20] [USER: berit_boss] | [PRODUCT: Locker Rental] | [TOTAL: 100.00]
[2026-02-11 15:36:20] [USER: dev_tester] | [PRODUCT: Locker Rental] | [TOTAL: 100.00]
[2026-02-11 15:36:20] [USER: fattig_student] | [PRODUCT: Locker Rental] | [TOTAL: 100.00]
[2026-02-11 15:36:20] [USER: dev_tester] | [PRODUCT: Locker Rental] | [TOTAL: 100.00]
[2026-02-11 15:36:20] [USER: late_comer] | [PRODUCT: Locker Rental] | [TOTAL: 100.00]
[2026-02-11 15:36:21] [USER: kalle_kodare] | [PRODUCT: Locker Rental] | [TOTAL: 100.00]
[2026-02-11 15:36:21] [USER: berit_boss] | [PRODUCT: Locker Rental] | [TOTAL: 100.00]
[2026-02-11 15:36:21] [USER: early_adopter] | [PRODUCT: Locker Rental] | [TOTAL: 100.00]
[2026-02-11 15:36:21] [USER: late_comer] | [PRODUCT: Locker Rental] | [TOTAL: 100.00]
[2026-02-11 15:36:21] [USER: festival_fanatic] | [PRODUCT: Locker Rental] | [TOTAL: 100.00]
[2026-02-11 15:36:21] [USER: kalle_kodare] | [PRODUCT: Locker Rental] | [TOTAL: 100.00]
[2026-02-11 15:36:21] [USER: early_adopter] | [PRODUCT: Locker Rental] | [TOTAL: 100.00]
[2026-02-11 15:36:21] [USER: early_adopter] | [PRODUCT: Locker Rental] | [TOTAL: 100.00]
[2026-02-11 15:36:21] [USER: late_comer] | [PRODUCT: Locker Rental] | [TOTAL: 100.00]
[2026-02-11 15:36:21] [USER: berit_boss] | [PRODUCT: Locker Rental] | [TOTAL: 100.00]
[2026-02-11 15:36:21] [USER: kalle_kodare] | [PRODUCT: Locker Rental] | [TOTAL: 100.00]
[2026-02-11 15:36:21] [USER: late_comer] | [PRODUCT: Locker Rental] | [TOTAL: 100.00]
[2026-02-11 15:36:21] [USER: dev_tester] | [PRODUCT: Locker Rental] | [TOTAL: 100.00]
[2026-02-11 15:36:21] [USER: tech_lead] | [PRODUCT: Locker Rental] | [TOTAL: 100.00]
[2026-02-11 15:36:21] [USER: early_adopter] | [PRODUCT: Locker Rental] | [TOTAL: 100.00]
[2026-02-11 15:36:22] [USER: late_comer] | [PRODUCT: Locker Rental] | [TOTAL: 100.00]
[2026-02-11 15:36:22] [USER: fattig_student] | [PRODUCT: Locker Rental] | [TOTAL: 100.00]
[2026-02-11 15:36:22] [USER: anna_admin] | [PRODUCT: Locker Rental] | [TOTAL: 100.00]
[2026-02-11 15:36:22] [USER: berit_boss] | [PRODUCT: Locker Rental] | [TOTAL: 100.00]
[2026-02-11 15:36:22] [USER: festival_fanatic] | [PRODUCT: Locker Rental] | [TOTAL: 100.00]
[2026-02-11 15:36:22] [USER: fattig_student] | [PRODUCT: Locker Rental] | [TOTAL: 100.00]
[2026-02-11 15:36:22] [USER: early_adopter] | [PRODUCT: Locker Rental] | [TOTAL: 100.00]
[2026-02-11 15:36:22] [USER: dev_tester] | [PRODUCT: Locker Rental] | [TOTAL: 100.00]
[2026-02-11 15:36:22] [USER: tech_lead] | [PRODUCT: Locker Rental] | [TOTAL: 100.00]
[2026-02-11 15:36:22] [USER: vip_guest_1] | [PRODUCT: Locker Rental] | [TOTAL: 100.00]
[2026-02-11 15:36:22] [USER: anna_admin] | [PRODUCT: Locker Rental] | [TOTAL: 100.00]
[2026-02-11 15:36:22] [USER: late_comer] | [PRODUCT: Locker Rental] | [TOTAL: 100.00]
[2026-02-11 15:36:22] [USER: kalle_kodare] | [PRODUCT: Locker Rental] | [TOTAL: 100.00]
[2026-02-11 15:36:22] [USER: festival_fanatic] | [PRODUCT: Locker Rental] | [TOTAL: 100.00]
[2026-02-11 15:36:22] [USER: late_comer] | [PRODUCT: Locker Rental] | [TOTAL: 100.00]
[2026-02-11 15:36:22] [USER: dev_tester] | [PRODUCT: Locker Rental] | [TOTAL: 100.00]
[2026-02-11 15:36:22] [USER: kalle_kodare] | [PRODUCT: Locker Rental] | [TOTAL: 100.00]
[2026-02-11 15:36:22] [USER: late_comer] | [PRODUCT: Locker Rental] | [TOTAL: 100.00]
[2026-02-11 15:36:22] [USER: fattig_student] | [PRODUCT: Locker Rental] | [TOTAL: 100.00]
[2026-02-11 15:36:22] [USER: anna_admin] | [PRODUCT: Locker Rental] | [TOTAL: 100.00]
[2026-02-11 15:36:22] [USER: festival_fanatic] | [PRODUCT: Locker Rental] | [TOTAL: 100.00]
[2026-02-11 15:36:22] [USER: early_adopter] | [PRODUCT: Locker Rental] | [TOTAL: 100.00]
[2026-02-11 15:36:22] [USER: kalle_kodare] | [PRODUCT: Locker Rental] | [TOTAL: 100.00]
[2026-02-11 15:36:22] [USER: tech_lead] | [PRODUCT: Locker Rental] | [TOTAL: 100.00]
[2026-02-11 15:36:23] [USER: vip_guest_1] | [PRODUCT: Locker Rental] | [TOTAL: 100.00]
[2026-02-11 15:36:23] [USER: early_adopter] | [PRODUCT: Locker Rental] | [TOTAL: 100.00]
[2026-02-11 15:36:23] [USER: dev_tester] | [PRODUCT: Locker Rental] | [TOTAL: 100.00]
[2026-02-11 15:36:23] [USER: kalle_kodare] | [PRODUCT: Locker Rental] | [TOTAL: 100.00]
[2026-02-11 15:36:23] [USER: late_comer] | [PRODUCT: Locker Rental] | [TOTAL: 100.00]
[2026-02-11 15:36:23] [USER: early_adopter] | [PRODUCT: Locker Rental] | [TOTAL: 100.00]
[2026-02-11 15:36:23] [USER: vip_guest_1] | [PRODUCT: Locker Rental] | [TOTAL: 100.00]
[2026-02-11 15:36:23] [USER: anna_admin] | [PRODUCT: Locker Rental] | [TOTAL: 100.00]
[2026-02-11 15:36:23] [USER: late_comer] | [PRODUCT: Locker Rental] | [TOTAL: 100.00]
[2026-02-11 15:36:23] [USER: fattig_student] | [PRODUCT: Locker Rental] | [TOTAL: 100.00]
[2026-02-11 15:36:23] [USER: tech_lead] | [PRODUCT: Locker Rental] | [TOTAL: 100.00]
[2026-02-11 15:36:23] [USER: festival_fanatic] | [PRODUCT: Locker Rental] | [TOTAL: 100.00]
[2026-02-11 15:36:23] [USER: early_adopter] | [PRODUCT: Locker Rental] | [TOTAL: 100.00]
[2026-02-11 15:36:23] [USER: late_comer] | [PRODUCT: Locker Rental] | [TOTAL: 100.00]
[2026-02-11 15:36:23] [USER: early_adopter] | [PRODUCT: Locker Rental] | [TOTAL: 100.00]
[2026-02-11 15:36:23] [USER: dev_tester] | [PRODUCT: Locker Rental] | [TOTAL: 100.00]
[2026-02-11 15:36:23] [USER: vip_guest_1] | [PRODUCT: Locker Rental] | [TOTAL: 100.00]
[2026-02-11 15:36:23] [USER: early_adopter] | [PRODUCT: Locker Rental] | [TOTAL: 100.00]
[2026-02-11 15:36:23] [USER: dev_tester] | [PRODUCT: Locker Rental] | [TOTAL: 100.00]
[2026-02-11 15:36:23] [USER: festival_fanatic] | [PRODUCT: Locker Rental] | [TOTAL: 100.00]
[2026-02-11 15:36:23] [USER: berit_boss] | [PRODUCT: Locker Rental] | [TOTAL: 100.00]
[2026-02-11 15:36:23] [USER: late_comer] | [PRODUCT: Locker Rental] | [TOTAL: 100.00]
[2026-02-11 15:36:23] [USER: anna_admin] | [PRODUCT: Locker Rental] | [TOTAL: 100.00]
[2026-02-11 15:36:23] [USER: kalle_kodare] | [PRODUCT: Locker Rental] | [TOTAL: 100.00]
[2026-02-11 15:36:23] [USER: berit_boss] | [PRODUCT: Locker Rental] | [TOTAL: 100.00]
[2026-02-11 15:36:23] [USER: dev_tester] | [PRODUCT: Locker Rental] | [TOTAL: 100.00]
[2026-02-11 15:36:23] [USER: fattig_student] | [PRODUCT: Locker Rental] | [TOTAL: 100.00]
[2026-02-11 15:36:23] [USER: festival_fanatic] | [PRODUCT: Locker Rental] | [TOTAL: 100.00]
[2026-02-11 15:36:23] [USER: late_comer] | [PRODUCT: Locker Rental] | [TOTAL: 100.00]
[2026-02-11 15:36:23] [USER: tech_lead] | [PRODUCT: Locker Rental] | [TOTAL: 100.00]
[2026-02-11 15:36:24] [USER: vip_guest_1] | [PRODUCT: Locker Rental] | [TOTAL: 100.00]
[2026-02-11 15:36:24] [USER: anna_admin] | [PRODUCT: Locker Rental] | [TOTAL: 100.00]
[2026-02-11 15:36:24] [USER: anna_admin] | [PRODUCT: Locker Rental] | [TOTAL: 100.00]
[2026-02-11 15:36:24] [USER: berit_boss] | [PRODUCT: Locker Rental] | [TOTAL: 100.00]
[2026-02-11 15:36:24] [USER: early_adopter] | [PRODUCT: Locker Rental] | [TOTAL: 100.00]
[2026-02-11 15:36:24] [USER: berit_boss] | [PRODUCT: Locker Rental] | [TOTAL: 100.00]
[2026-02-11 15:36:24] [USER: kalle_kodare] | [PRODUCT: Locker Rental] | [TOTAL: 100.00]
[2026-02-11 15:36:24] [USER: late_comer] | [PRODUCT: Locker Rental] | [TOTAL: 100.00]
[2026-02-11 15:36:24] [USER: kalle_kodare] | [PRODUCT: Locker Rental] | [TOTAL: 100.00]
[2026-02-11 15:36:24] [USER: kalle_kodare] | [PRODUCT: Locker Rental] | [TOTAL: 100.00]
[2026-02-11 15:36:24] [USER: berit_boss] | [PRODUCT: Locker Rental] | [TOTAL: 100.00]
[2026-02-11 15:36:24] [USER: late_comer] | [PRODUCT: Locker Rental] | [TOTAL: 100.00]
[2026-02-11 15:36:24] [USER: late_comer] | [PRODUCT: Locker Rental] | [TOTAL: 100.00]
[2026-02-11 15:36:24] [USER: festival_fanatic] | [PRODUCT: Locker Rental] | [TOTAL: 100.00]
[2026-02-11 15:36:24] [USER: late_comer] | [PRODUCT: Locker Rental] | [TOTAL: 100.00]
[2026-02-11 15:36:24] [USER: anna_admin] | [PRODUCT: Locker Rental] | [TOTAL: 100.00]
[2026-02-11 15:36:24] [USER: dev_tester] | [PRODUCT: Locker Rental] | [TOTAL: 100.00]
[2026-02-11 15:36:24] [USER: fattig_student] | [PRODUCT: Locker Rental] | [TOTAL: 100.00]
[2026-02-11 15:36:24] [USER: late_comer] | [PRODUCT: Locker Rental] | [TOTAL: 100.00]
[2026-02-11 15:36:24] [USER: berit_boss] | [PRODUCT: Locker Rental] | [TOTAL: 100.00]
[2026-02-11 15:36:24] [USER: berit_boss] | [PRODUCT: Locker Rental] | [TOTAL: 100.00]
[2026-02-11 15:36:24] [USER: festival_fanatic] | [PRODUCT: Locker Rental] | [TOTAL: 100.00]
[2026-02-11 15:36:24] [USER: tech_lead] | [PRODUCT: Locker Rental] | [TOTAL: 100.00]
[2026-02-11 15:36:24] [USER: fattig_student] | [PRODUCT: Locker Rental] | [TOTAL: 100.00]
[2026-02-11 15:36:24] [USER: kalle_kodare] | [PRODUCT: Locker Rental] | [TOTAL: 100.00]
[2026-02-11 15:36:24] [USER: early_adopter] | [PRODUCT: Locker Rental] | [TOTAL: 100.00]
[2026-02-11 15:36:24] [USER: late_comer] | [PRODUCT: Locker Rental] | [TOTAL: 100.00]
[2026-02-11 15:36:24] [USER: fattig_student] | [PRODUCT: Locker Rental] | [TOTAL: 100.00]
[2026-02-11 15:36:24] [USER: tech_lead] | [PRODUCT: Locker Rental] | [TOTAL: 100.00]
[2026-02-11 15:36:24] [USER: vip_guest_1] | [PRODUCT: Locker Rental] | [TOTAL: 100.00]
[2026-02-11 15:36:24] [USER: dev_tester] | [PRODUCT: Locker Rental] | [TOTAL: 100.00]
[2026-02-11 15:36:24] [USER: kalle_kodare] | [PRODUCT: Locker Rental] | [TOTAL: 100.00]
[2026-02-11 15:36:25] [USER: kalle_kodare] | [PRODUCT: Locker Rental] | [TOTAL: 100.00]
[2026-02-11 15:36:25] [USER: fattig_student] | [PRODUCT: Locker Rental] | [TOTAL: 100.00]
[2026-02-11 15:36:25] [USER: tech_lead] | [PRODUCT: Locker Rental] | [TOTAL: 100.00]
[2026-02-11 15:36:25] [USER: festival_fanatic] | [PRODUCT: Locker Rental] | [TOTAL: 100.00]
[2026-02-11 15:36:25] [USER: berit_boss] | [PRODUCT: Locker Rental] | [TOTAL: 100.00]
[2026-02-11 15:36:25] [USER: vip_guest_1] | [PRODUCT: Locker Rental] | [TOTAL: 100.00]
[2026-02-11 15:36:25] [USER: fattig_student] | [PRODUCT: Locker Rental] | [TOTAL: 100.00]
[2026-02-11 15:36:25] [USER: fattig_student] | [PRODUCT: Locker Rental] | [TOTAL: 100.00]
[2026-02-11 15:36:25] [USER: berit_boss] | [PRODUCT: Locker Rental] | [TOTAL: 100.00]
[2026-02-11 15:36:25] [USER: berit_boss] | [PRODUCT: Locker Rental] | [TOTAL: 100.00]
[2026-02-11 15:36:25] [USER: tech_lead] | [PRODUCT: Locker Rental] | [TOTAL: 100.00]
[2026-02-11 15:36:25] [USER: anna_admin] | [PRODUCT: Locker Rental] | [TOTAL: 100.00]
[2026-02-11 15:36:25] [USER: late_comer] | [PRODUCT: Locker Rental] | [TOTAL: 100.00]
[2026-02-11 15:36:25] [USER: berit_boss] | [PRODUCT: Locker Rental] | [TOTAL: 100.00]
[2026-02-11 15:36:25] [USER: kalle_kodare] | [PRODUCT: Locker Rental] | [TOTAL: 100.00]
[2026-02-11 15:36:25] [USER: late_comer] | [PRODUCT: Locker Rental] | [TOTAL: 100.00]
[2026-02-11 15:36:25] [USER: berit_boss] | [PRODUCT: Locker Rental] | [TOTAL: 100.00]
[2026-02-11 15:36:25] [USER: tech_lead] | [PRODUCT: Locker Rental] | [TOTAL: 100.00]
[2026-02-11 15:36:25] [USER: festival_fanatic] | [PRODUCT: Locker Rental] | [TOTAL: 100.00]
[2026-02-11 15:36:25] [USER: late_comer] | [PRODUCT: Locker Rental] | [TOTAL: 100.00]
[2026-02-11 15:36:25] [USER: late_comer] | [PRODUCT: Locker Rental] | [TOTAL: 100.00]
[2026-02-11 15:36:25] [USER: late_comer] | [PRODUCT: Locker Rental] | [TOTAL: 100.00]
[2026-02-11 15:36:25] [USER: kalle_kodare] | [PRODUCT: Locker Rental] | [TOTAL: 100.00]
[2026-02-11 15:36:25] [USER: berit_boss] | [PRODUCT: Locker Rental] | [TOTAL: 100.00]
[2026-02-11 15:36:25] [USER: festival_fanatic] | [PRODUCT: Locker Rental] | [TOTAL: 100.00]
